[35m[Appium][39m Welcome to Appium v1.22.1
[35m[Appium][39m Non-default server args:
[35m[Appium][39m   port: 58262
[35m[Appium][39m   loglevel: info
[35m[Appium][39m   tmpDir: /var/folders/ky/6b05yspd7yq75hx08txkq1hw0000gn/T//Katalon/Appium/Temp1639461205550
[35m[Appium][39m   chromedriverPort: 58265
[35m[Appium][39m Deprecated server args:
[35m[Appium][39m   [31m--chromedriver-port[39m => --default-capabilities
[35m[Appium][39m Default capabilities, which will be added to each request unless overridden by desired capabilities:
[35m[Appium][39m   chromedriverPort: 58265
[35m[Appium][39m Appium REST http interface listener started on 0.0.0.0:58262
[35m[HTTP][39m [37m-->[39m [37mGET[39m [37m/wd/hub/status[39m
[35m[HTTP][39m [90m{}[39m
[35m[HTTP][39m [37m<-- GET /wd/hub/status [39m[32m200[39m [90m11 ms - 68[39m
[35m[HTTP][39m [90m[39m
[35m[HTTP][39m [37m-->[39m [37mGET[39m [37m/wd/hub/status[39m
[35m[HTTP][39m [90m{}[39m
[35m[HTTP][39m [37m<-- GET /wd/hub/status [39m[32m200[39m [90m1 ms - 68[39m
[35m[HTTP][39m [90m[39m
[35m[HTTP][39m [37m-->[39m [37mPOST[39m [37m/wd/hub/session[39m
[35m[HTTP][39m [90m{"desiredCapabilities":{"app":"/Users/magical/Downloads/app-release-1639395726817.apk","noReset":true,"deviceName":"realme RMX3092 (Android 11)","fullReset":false,"platform":"ANDROID","newCommandTimeout":1800,"platformVersion":"11","automationName":"uiautomator2","autoGrantPermissions":true,"platformName":"Android","udid":"OBYHGQZTORN7AMFY","systemPort":58287},"capabilities":{"firstMatch":[{"appium:app":"/Users/magical/Downloads/app-release-1639395726817.apk","appium:autoGrantPermissions":true,"appium:automationName":"uiautomator2","appium:deviceName":"realme RMX3092 (Android 11)","appium:fullReset":false,"appium:newCommandTimeout":1800,"appium:noReset":true,"platform":"ANDROID","platformName":"android","appium:platformVersion":"11","appium:systemPort":58287,"appium:udid":"OBYHGQZTORN7AMFY"}]}}[39m
[35m[BaseDriver][39m The following capabilities are not standard capabilities and should have an extension prefix:
[35m[BaseDriver][39m   platform
[35m[BaseDriver][39m   chromedriverPort
[35m[Appium][39m Appium v1.22.1 creating new AndroidUiautomator2Driver (v1.70.1) session
[35m[BaseDriver][39m The following capabilities were provided, but are not recognized by Appium:
[35m[BaseDriver][39m   platform
[35m[BaseDriver][39m Session created with session id: 12797814-bf79-4100-a810-be1219d1958c
[35m[BaseDriver][39m Using local app '/Users/magical/Downloads/app-release-1639395726817.apk'
[35m[ADB][39m Found 6 'build-tools' folders under '/Users/magical/.katalon/tools/android_sdk' (newest first):
[35m[ADB][39m     /Users/magical/.katalon/tools/android_sdk/build-tools/32.0.0
[35m[ADB][39m     /Users/magical/.katalon/tools/android_sdk/build-tools/27.0.1
[35m[ADB][39m     /Users/magical/.katalon/tools/android_sdk/build-tools/26.0.2
[35m[ADB][39m     /Users/magical/.katalon/tools/android_sdk/build-tools/25.0.3
[35m[ADB][39m     /Users/magical/.katalon/tools/android_sdk/build-tools/24.0.2
[35m[ADB][39m     /Users/magical/.katalon/tools/android_sdk/build-tools/23.0.2
[35m[ADB][39m Using 'adb' from '/Users/magical/.katalon/tools/android_sdk/platform-tools/adb'
[35m[AndroidDriver][39m Retrieving device list
[35m[AndroidDriver][39m Using device: OBYHGQZTORN7AMFY
[35m[ADB][39m Using 'adb' from '/Users/magical/.katalon/tools/android_sdk/platform-tools/adb'
[35m[ADB][39m Getting device platform version
[35m[UiAutomator2][39m Relaxing hidden api policy
[35m[ADB][39m Package name: 'com.example.flutter_elife_edu'
[35m[ADB][39m Main activity name: 'com.example.flutter_elife_edu.MainActivity'
[35m[ADB][39m Using 'apksigner.jar' from '/Users/magical/.katalon/tools/android_sdk/build-tools/32.0.0/lib/apksigner.jar'
[35m[ADB][39m '/usr/local/lib/node_modules/appium/node_modules/appium-uiautomator2-server/apks/appium-uiautomator2-server-v4.27.0.apk' is signed with the default certificate
[35m[ADB][39m '/usr/local/lib/node_modules/appium/node_modules/appium-uiautomator2-server/apks/appium-uiautomator2-server-debug-androidTest.apk' is signed with the default certificate
[35m[UiAutomator2][39m Server packages are not going to be (re)installed
[35m[ADB][39m Adding packages ["io.appium.settings","io.appium.uiautomator2.server","io.appium.uiautomator2.server.test"] to Doze whitelist
[35m[ADB][39m '/Users/magical/Downloads/app-release-1639395726817.apk' is signed with a non-default certificate
[35m[ADB][39m The application at '/Users/magical/Downloads/app-release-1639395726817.apk' will not be cached, because the device under test has confirmed the support of streamed installs
[35m[ADB][39m The installation of 'app-release-1639395726817.apk' took 21994ms
[35m[UiAutomator2][39m Starting UIAutomator2 server 4.27.0
[35m[UiAutomator2][39m Using UIAutomator2 server from '/usr/local/lib/node_modules/appium/node_modules/appium-uiautomator2-server/apks/appium-uiautomator2-server-v4.27.0.apk' and test from '/usr/local/lib/node_modules/appium/node_modules/appium-uiautomator2-server/apks/appium-uiautomator2-server-debug-androidTest.apk'
[35m[UiAutomator2][39m Waiting up to 30000ms for UiAutomator2 to be online...
[35m[WD Proxy][39m socket hang up
[35m[WD Proxy][39m socket hang up
[35m[WD Proxy][39m socket hang up
[35m[WD Proxy][39m socket hang up
[35m[WD Proxy][39m socket hang up
[35m[WD Proxy][39m Determined the downstream protocol as 'W3C'
[35m[AndroidDriver][39m Screen already unlocked, doing nothing
[35m[UiAutomator2][39m Starting 'com.example.flutter_elife_edu/com.example.flutter_elife_edu.MainActivity and waiting for 'com.example.flutter_elife_edu/com.example.flutter_elife_edu.MainActivity'
[35m[Appium][39m New AndroidUiautomator2Driver session created successfully, session 12797814-bf79-4100-a810-be1219d1958c added to master session list
[35m[HTTP][39m [37m<-- POST /wd/hub/session [39m[32m200[39m [90m38872 ms - 1287[39m
[35m[HTTP][39m [90m[39m
[35m[HTTP][39m [37m-->[39m [37mGET[39m [37m/wd/hub/session/12797814-bf79-4100-a810-be1219d1958c[39m
[35m[HTTP][39m [90m{}[39m
[35m[HTTP][39m [37m<-- GET /wd/hub/session/12797814-bf79-4100-a810-be1219d1958c [39m[32m200[39m [90m16 ms - 1241[39m
[35m[HTTP][39m [90m[39m
[35m[HTTP][39m [37m-->[39m [37mGET[39m [37m/wd/hub/session/12797814-bf79-4100-a810-be1219d1958c[39m
[35m[HTTP][39m [90m{}[39m
[35m[HTTP][39m [37m<-- GET /wd/hub/session/12797814-bf79-4100-a810-be1219d1958c [39m[32m200[39m [90m12 ms - 1241[39m
[35m[HTTP][39m [90m[39m
[35m[HTTP][39m [37m-->[39m [37mGET[39m [37m/wd/hub/status[39m
[35m[HTTP][39m [90m{}[39m
[35m[HTTP][39m [37m<-- GET /wd/hub/status [39m[32m200[39m [90m1 ms - 68[39m
[35m[HTTP][39m [90m[39m
[35m[HTTP][39m [37m-->[39m [37mPOST[39m [37m/wd/hub/session/12797814-bf79-4100-a810-be1219d1958c/timeouts[39m
[35m[HTTP][39m [90m{"implicit":60000}[39m
[35m[HTTP][39m [37m<-- POST /wd/hub/session/12797814-bf79-4100-a810-be1219d1958c/timeouts [39m[32m200[39m [90m4 ms - 14[39m
[35m[HTTP][39m [90m[39m
[35m[HTTP][39m [37m-->[39m [37mGET[39m [37m/wd/hub/session/12797814-bf79-4100-a810-be1219d1958c/source[39m
[35m[HTTP][39m [90m{}[39m
[35m[W3C (12797814)][39m Driver proxy active, passing request on via HTTP proxy
[35m[WD Proxy][39m Replacing sessionId b209f887-ac63-49ac-ae40-df395a10e10e with 12797814-bf79-4100-a810-be1219d1958c
[35m[HTTP][39m [37m<-- GET /wd/hub/session/12797814-bf79-4100-a810-be1219d1958c/source [39m[32m200[39m [90m91 ms - 10133[39m
[35m[HTTP][39m [90m[39m
[35m[HTTP][39m [37m-->[39m [37mGET[39m [37m/wd/hub/session/12797814-bf79-4100-a810-be1219d1958c/screenshot[39m
[35m[HTTP][39m [90m{}[39m
[35m[HTTP][39m [37m<-- GET /wd/hub/session/12797814-bf79-4100-a810-be1219d1958c/screenshot [39m[32m200[39m [90m799 ms - 315112[39m
[35m[HTTP][39m [90m[39m
[35m[HTTP][39m [37m-->[39m [37mPOST[39m [37m/wd/hub/session/12797814-bf79-4100-a810-be1219d1958c/elements[39m
[35m[HTTP][39m [90m{"using":"xpath","value":"//*[@class = 'android.view.View' and @resource-id = '' and (@text = '' or . = '')]"}[39m
[35m[HTTP][39m [37m<-- POST /wd/hub/session/12797814-bf79-4100-a810-be1219d1958c/elements [39m[32m200[39m [90m526 ms - 1675[39m
[35m[HTTP][39m [90m[39m
[35m[HTTP][39m [37m-->[39m [37mPOST[39m [37m/wd/hub/session/12797814-bf79-4100-a810-be1219d1958c/elements[39m
[35m[HTTP][39m [90m{"using":"accessibility id","value":"同意并继续"}[39m
[35m[HTTP][39m [37m<-- POST /wd/hub/session/12797814-bf79-4100-a810-be1219d1958c/elements [39m[32m200[39m [90m36 ms - 139[39m
[35m[HTTP][39m [90m[39m
[35m[HTTP][39m [37m-->[39m [37mGET[39m [37m/wd/hub/session/12797814-bf79-4100-a810-be1219d1958c/window/rect[39m
[35m[HTTP][39m [90m{}[39m
[35m[HTTP][39m [37m<-- GET /wd/hub/session/12797814-bf79-4100-a810-be1219d1958c/window/rect [39m[32m200[39m [90m26 ms - 50[39m
[35m[HTTP][39m [90m[39m
[35m[HTTP][39m [37m-->[39m [37mPOST[39m [37m/wd/hub/session/12797814-bf79-4100-a810-be1219d1958c/elements[39m
[35m[HTTP][39m [90m{"using":"accessibility id","value":"同意并继续"}[39m
[35m[HTTP][39m [37m<-- POST /wd/hub/session/12797814-bf79-4100-a810-be1219d1958c/elements [39m[32m200[39m [90m48 ms - 139[39m
[35m[HTTP][39m [90m[39m
[35m[HTTP][39m [37m-->[39m [37mGET[39m [37m/wd/hub/session/12797814-bf79-4100-a810-be1219d1958c/element/00000000-0000-00ef-0000-001100000004/location[39m
[35m[HTTP][39m [90m{}[39m
[35m[W3C (12797814)][39m Driver proxy active, passing request on via HTTP proxy
[35m[WD Proxy][39m Replacing sessionId b209f887-ac63-49ac-ae40-df395a10e10e with 12797814-bf79-4100-a810-be1219d1958c
[35m[HTTP][39m [37m<-- GET /wd/hub/session/12797814-bf79-4100-a810-be1219d1958c/element/00000000-0000-00ef-0000-001100000004/location [39m[32m200[39m [90m26 ms - 79[39m
[35m[HTTP][39m [90m[39m
[35m[HTTP][39m [37m-->[39m [37mPOST[39m [37m/wd/hub/session/12797814-bf79-4100-a810-be1219d1958c/touch/perform[39m
[35m[HTTP][39m [90m{"actions":[{"action":"tap","options":{"x":1,"y":1,"element":"00000000-0000-00ef-0000-001100000004"}}]}[39m
[35m[UiAutomator2][39m calling get location: 00000000-0000-00ef-0000-001100000004
[35m[HTTP][39m [37m<-- POST /wd/hub/session/12797814-bf79-4100-a810-be1219d1958c/touch/perform [39m[32m200[39m [90m863 ms - 14[39m
[35m[HTTP][39m [90m[39m
[35m[HTTP][39m [37m-->[39m [37mGET[39m [37m/wd/hub/session/12797814-bf79-4100-a810-be1219d1958c/source[39m
[35m[HTTP][39m [90m{}[39m
[35m[W3C (12797814)][39m Driver proxy active, passing request on via HTTP proxy
[35m[WD Proxy][39m Replacing sessionId b209f887-ac63-49ac-ae40-df395a10e10e with 12797814-bf79-4100-a810-be1219d1958c
[35m[HTTP][39m [37m<-- GET /wd/hub/session/12797814-bf79-4100-a810-be1219d1958c/source [39m[32m200[39m [90m62 ms - 4925[39m
[35m[HTTP][39m [90m[39m
[35m[HTTP][39m [37m-->[39m [37mGET[39m [37m/wd/hub/session/12797814-bf79-4100-a810-be1219d1958c/screenshot[39m
[35m[HTTP][39m [90m{}[39m
[35m[HTTP][39m [37m<-- GET /wd/hub/session/12797814-bf79-4100-a810-be1219d1958c/screenshot [39m[32m200[39m [90m750 ms - 483058[39m
[35m[HTTP][39m [90m[39m
[35m[HTTP][39m [37m-->[39m [37mGET[39m [37m/wd/hub/session/12797814-bf79-4100-a810-be1219d1958c/context[39m
[35m[HTTP][39m [90m{}[39m
[35m[HTTP][39m [37m<-- GET /wd/hub/session/12797814-bf79-4100-a810-be1219d1958c/context [39m[32m200[39m [90m2 ms - 22[39m
[35m[HTTP][39m [90m[39m
[35m[HTTP][39m [37m-->[39m [37mGET[39m [37m/wd/hub/session/12797814-bf79-4100-a810-be1219d1958c/contexts[39m
[35m[HTTP][39m [90m{}[39m
[35m[HTTP][39m [37m<-- GET /wd/hub/session/12797814-bf79-4100-a810-be1219d1958c/contexts [39m[32m200[39m [90m111 ms - 24[39m
[35m[HTTP][39m [90m[39m
[35m[HTTP][39m [37m-->[39m [37mPOST[39m [37m/wd/hub/session/12797814-bf79-4100-a810-be1219d1958c/context[39m
[35m[HTTP][39m [90m{"name":"NATIVE_APP"}[39m
[35m[HTTP][39m [37m<-- POST /wd/hub/session/12797814-bf79-4100-a810-be1219d1958c/context [39m[32m200[39m [90m3 ms - 14[39m
[35m[HTTP][39m [90m[39m
[35m[HTTP][39m [37m-->[39m [37mPOST[39m [37m/wd/hub/session/12797814-bf79-4100-a810-be1219d1958c/orientation[39m
[35m[HTTP][39m [90m{"orientation":"PORTRAIT"}[39m
[35m[W3C (12797814)][39m Driver proxy active, passing request on via HTTP proxy
[35m[WD Proxy][39m Replacing sessionId b209f887-ac63-49ac-ae40-df395a10e10e with 12797814-bf79-4100-a810-be1219d1958c
[35m[HTTP][39m [37m<-- POST /wd/hub/session/12797814-bf79-4100-a810-be1219d1958c/orientation [39m[32m200[39m [90m991 ms - 71[39m
[35m[HTTP][39m [90m[39m
[35m[HTTP][39m [37m-->[39m [37mPOST[39m [37m/wd/hub/session/12797814-bf79-4100-a810-be1219d1958c/context[39m
[35m[HTTP][39m [90m{"name":"NATIVE_APP"}[39m
[35m[HTTP][39m [37m<-- POST /wd/hub/session/12797814-bf79-4100-a810-be1219d1958c/context [39m[32m200[39m [90m3 ms - 14[39m
[35m[HTTP][39m [90m[39m
[35m[HTTP][39m [37m-->[39m [37mGET[39m [37m/wd/hub/session/12797814-bf79-4100-a810-be1219d1958c/source[39m
[35m[HTTP][39m [90m{}[39m
[35m[W3C (12797814)][39m Driver proxy active, passing request on via HTTP proxy
[35m[WD Proxy][39m Replacing sessionId b209f887-ac63-49ac-ae40-df395a10e10e with 12797814-bf79-4100-a810-be1219d1958c
[35m[HTTP][39m [37m<-- GET /wd/hub/session/12797814-bf79-4100-a810-be1219d1958c/source [39m[32m200[39m [90m156 ms - 8381[39m
[35m[HTTP][39m [90m[39m
[35m[HTTP][39m [37m-->[39m [37mGET[39m [37m/wd/hub/session/12797814-bf79-4100-a810-be1219d1958c/screenshot[39m
[35m[HTTP][39m [90m{}[39m
[35m[HTTP][39m [37m<-- GET /wd/hub/session/12797814-bf79-4100-a810-be1219d1958c/screenshot [39m[32m200[39m [90m605 ms - 596524[39m
[35m[HTTP][39m [90m[39m
[35m[HTTP][39m [37m-->[39m [37mPOST[39m [37m/wd/hub/session/12797814-bf79-4100-a810-be1219d1958c/elements[39m
[35m[HTTP][39m [90m{"using":"xpath","value":"//*[@class = 'android.view.View' and @resource-id = '' and (@text = '' or . = '')]"}[39m
[35m[HTTP][39m [37m<-- POST /wd/hub/session/12797814-bf79-4100-a810-be1219d1958c/elements [39m[32m200[39m [90m376 ms - 1547[39m
[35m[HTTP][39m [90m[39m
[35m[HTTP][39m [37m-->[39m [37mPOST[39m [37m/wd/hub/session/12797814-bf79-4100-a810-be1219d1958c/elements[39m
[35m[HTTP][39m [90m{"using":"-android uiautomator","value":"new UiSelector().className(\"android.view.View\").resourceId(\"\")"}[39m
[35m[HTTP][39m [37m<-- POST /wd/hub/session/12797814-bf79-4100-a810-be1219d1958c/elements [39m[32m200[39m [90m332 ms - 1547[39m
[35m[HTTP][39m [90m[39m
[35m[HTTP][39m [37m-->[39m [37mGET[39m [37m/wd/hub/session/12797814-bf79-4100-a810-be1219d1958c/window/rect[39m
[35m[HTTP][39m [90m{}[39m
[35m[HTTP][39m [37m<-- GET /wd/hub/session/12797814-bf79-4100-a810-be1219d1958c/window/rect [39m[32m200[39m [90m32 ms - 50[39m
[35m[HTTP][39m [90m[39m
[35m[HTTP][39m [37m-->[39m [37mPOST[39m [37m/wd/hub/session/12797814-bf79-4100-a810-be1219d1958c/elements[39m
[35m[HTTP][39m [90m{"using":"xpath","value":"//hierarchy/android.widget.FrameLayout[1]/android.widget.LinearLayout[1]/android.widget.FrameLayout[1]/android.widget.FrameLayout[1]/android.widget.FrameLayout[1]/android.view.View[1]/android.view.View[1]/android.view.View[1]/android.view.View[1]/android.view.View[7]"}[39m
[35m[HTTP][39m [37m<-- POST /wd/hub/session/12797814-bf79-4100-a810-be1219d1958c/elements [39m[32m200[39m [90m262 ms - 139[39m
[35m[HTTP][39m [90m[39m
[35m[HTTP][39m [37m-->[39m [37mGET[39m [37m/wd/hub/session/12797814-bf79-4100-a810-be1219d1958c/element/00000000-0000-00ef-0000-00bc00000004/location[39m
[35m[HTTP][39m [90m{}[39m
[35m[W3C (12797814)][39m Driver proxy active, passing request on via HTTP proxy
[35m[WD Proxy][39m Replacing sessionId b209f887-ac63-49ac-ae40-df395a10e10e with 12797814-bf79-4100-a810-be1219d1958c
[35m[HTTP][39m [37m<-- GET /wd/hub/session/12797814-bf79-4100-a810-be1219d1958c/element/00000000-0000-00ef-0000-00bc00000004/location [39m[32m200[39m [90m40 ms - 79[39m
[35m[HTTP][39m [90m[39m
[35m[HTTP][39m [37m-->[39m [37mPOST[39m [37m/wd/hub/session/12797814-bf79-4100-a810-be1219d1958c/touch/perform[39m
[35m[HTTP][39m [90m{"actions":[{"action":"tap","options":{"x":1,"y":1,"element":"00000000-0000-00ef-0000-00bc00000004"}}]}[39m
[35m[UiAutomator2][39m calling get location: 00000000-0000-00ef-0000-00bc00000004
[35m[HTTP][39m [37m<-- POST /wd/hub/session/12797814-bf79-4100-a810-be1219d1958c/touch/perform [39m[32m200[39m [90m1888 ms - 14[39m
[35m[HTTP][39m [90m[39m
[35m[HTTP][39m [37m-->[39m [37mGET[39m [37m/wd/hub/session/12797814-bf79-4100-a810-be1219d1958c/source[39m
[35m[HTTP][39m [90m{}[39m
[35m[W3C (12797814)][39m Driver proxy active, passing request on via HTTP proxy
[35m[WD Proxy][39m Replacing sessionId b209f887-ac63-49ac-ae40-df395a10e10e with 12797814-bf79-4100-a810-be1219d1958c
[35m[HTTP][39m [37m<-- GET /wd/hub/session/12797814-bf79-4100-a810-be1219d1958c/source [39m[32m200[39m [90m519 ms - 29055[39m
[35m[HTTP][39m [90m[39m
[35m[HTTP][39m [37m-->[39m [37mGET[39m [37m/wd/hub/session/12797814-bf79-4100-a810-be1219d1958c/screenshot[39m
[35m[HTTP][39m [90m{}[39m
[35m[HTTP][39m [37m<-- GET /wd/hub/session/12797814-bf79-4100-a810-be1219d1958c/screenshot [39m[32m200[39m [90m857 ms - 1177362[39m
[35m[HTTP][39m [90m[39m
[35m[HTTP][39m [37m-->[39m [37mPOST[39m [37m/wd/hub/session/12797814-bf79-4100-a810-be1219d1958c/elements[39m
[35m[HTTP][39m [90m{"using":"xpath","value":"//*[@class = 'android.widget.ImageView' and @resource-id = '' and (@text = '' or . = '')]"}[39m
[35m[HTTP][39m [37m<-- POST /wd/hub/session/12797814-bf79-4100-a810-be1219d1958c/elements [39m[32m200[39m [90m602 ms - 3851[39m
[35m[HTTP][39m [90m[39m
[35m[HTTP][39m [37m-->[39m [37mPOST[39m [37m/wd/hub/session/12797814-bf79-4100-a810-be1219d1958c/elements[39m
[35m[HTTP][39m [90m{"using":"accessibility id","value":"搜索任何内容"}[39m
[35m[HTTP][39m [37m<-- POST /wd/hub/session/12797814-bf79-4100-a810-be1219d1958c/elements [39m[32m200[39m [90m56 ms - 139[39m
[35m[HTTP][39m [90m[39m
[35m[HTTP][39m [37m-->[39m [37mGET[39m [37m/wd/hub/session/12797814-bf79-4100-a810-be1219d1958c/window/rect[39m
[35m[HTTP][39m [90m{}[39m
[35m[HTTP][39m [37m<-- GET /wd/hub/session/12797814-bf79-4100-a810-be1219d1958c/window/rect [39m[32m200[39m [90m13 ms - 50[39m
[35m[HTTP][39m [90m[39m
[35m[HTTP][39m [37m-->[39m [37mPOST[39m [37m/wd/hub/session/12797814-bf79-4100-a810-be1219d1958c/elements[39m
[35m[HTTP][39m [90m{"using":"accessibility id","value":"搜索任何内容"}[39m
[35m[HTTP][39m [37m<-- POST /wd/hub/session/12797814-bf79-4100-a810-be1219d1958c/elements [39m[32m200[39m [90m58 ms - 139[39m
[35m[HTTP][39m [90m[39m
[35m[HTTP][39m [37m-->[39m [37mGET[39m [37m/wd/hub/session/12797814-bf79-4100-a810-be1219d1958c/element/00000000-0000-00ef-0000-002b00000004/location[39m
[35m[HTTP][39m [90m{}[39m
[35m[W3C (12797814)][39m Driver proxy active, passing request on via HTTP proxy
[35m[WD Proxy][39m Replacing sessionId b209f887-ac63-49ac-ae40-df395a10e10e with 12797814-bf79-4100-a810-be1219d1958c
[35m[HTTP][39m [37m<-- GET /wd/hub/session/12797814-bf79-4100-a810-be1219d1958c/element/00000000-0000-00ef-0000-002b00000004/location [39m[32m200[39m [90m30 ms - 77[39m
[35m[HTTP][39m [90m[39m
[35m[HTTP][39m [37m-->[39m [37mPOST[39m [37m/wd/hub/session/12797814-bf79-4100-a810-be1219d1958c/touch/perform[39m
[35m[HTTP][39m [90m{"actions":[{"action":"tap","options":{"x":1,"y":1,"element":"00000000-0000-00ef-0000-002b00000004"}}]}[39m
[35m[UiAutomator2][39m calling get location: 00000000-0000-00ef-0000-002b00000004
[35m[HTTP][39m [37m<-- POST /wd/hub/session/12797814-bf79-4100-a810-be1219d1958c/touch/perform [39m[32m200[39m [90m1567 ms - 14[39m
[35m[HTTP][39m [90m[39m
[35m[HTTP][39m [37m-->[39m [37mGET[39m [37m/wd/hub/session/12797814-bf79-4100-a810-be1219d1958c/source[39m
[35m[HTTP][39m [90m{}[39m
[35m[W3C (12797814)][39m Driver proxy active, passing request on via HTTP proxy
[35m[WD Proxy][39m Replacing sessionId b209f887-ac63-49ac-ae40-df395a10e10e with 12797814-bf79-4100-a810-be1219d1958c
[35m[HTTP][39m [37m<-- GET /wd/hub/session/12797814-bf79-4100-a810-be1219d1958c/source [39m[32m200[39m [90m131 ms - 9702[39m
[35m[HTTP][39m [90m[39m
[35m[HTTP][39m [37m-->[39m [37mGET[39m [37m/wd/hub/session/12797814-bf79-4100-a810-be1219d1958c/screenshot[39m
[35m[HTTP][39m [90m{}[39m
[35m[HTTP][39m [37m<-- GET /wd/hub/session/12797814-bf79-4100-a810-be1219d1958c/screenshot [39m[32m200[39m [90m896 ms - 420564[39m
[35m[HTTP][39m [90m[39m
[35m[HTTP][39m [37m-->[39m [37mPOST[39m [37m/wd/hub/session/12797814-bf79-4100-a810-be1219d1958c/elements[39m
[35m[HTTP][39m [90m{"using":"xpath","value":"//*[@class = 'android.view.View' and @resource-id = '' and (@text = '' or . = '')]"}[39m
[35m[HTTP][39m [37m<-- POST /wd/hub/session/12797814-bf79-4100-a810-be1219d1958c/elements [39m[32m200[39m [90m219 ms - 1931[39m
[35m[HTTP][39m [90m[39m
[35m[HTTP][39m [37m-->[39m [37mPOST[39m [37m/wd/hub/session/12797814-bf79-4100-a810-be1219d1958c/elements[39m
[35m[HTTP][39m [90m{"using":"accessibility id","value":"java"}[39m
[35m[HTTP][39m [37m<-- POST /wd/hub/session/12797814-bf79-4100-a810-be1219d1958c/elements [39m[32m200[39m [90m33 ms - 139[39m
[35m[HTTP][39m [90m[39m
[35m[HTTP][39m [37m-->[39m [37mGET[39m [37m/wd/hub/session/12797814-bf79-4100-a810-be1219d1958c/window/rect[39m
[35m[HTTP][39m [90m{}[39m
[35m[HTTP][39m [37m<-- GET /wd/hub/session/12797814-bf79-4100-a810-be1219d1958c/window/rect [39m[32m200[39m [90m14 ms - 50[39m
[35m[HTTP][39m [90m[39m
[35m[HTTP][39m [37m-->[39m [37mPOST[39m [37m/wd/hub/session/12797814-bf79-4100-a810-be1219d1958c/elements[39m
[35m[HTTP][39m [90m{"using":"accessibility id","value":"java"}[39m
[35m[HTTP][39m [37m<-- POST /wd/hub/session/12797814-bf79-4100-a810-be1219d1958c/elements [39m[32m200[39m [90m44 ms - 139[39m
[35m[HTTP][39m [90m[39m
[35m[HTTP][39m [37m-->[39m [37mGET[39m [37m/wd/hub/session/12797814-bf79-4100-a810-be1219d1958c/element/00000000-0000-00ef-0000-010e00000004/location[39m
[35m[HTTP][39m [90m{}[39m
[35m[W3C (12797814)][39m Driver proxy active, passing request on via HTTP proxy
[35m[WD Proxy][39m Replacing sessionId b209f887-ac63-49ac-ae40-df395a10e10e with 12797814-bf79-4100-a810-be1219d1958c
[35m[HTTP][39m [37m<-- GET /wd/hub/session/12797814-bf79-4100-a810-be1219d1958c/element/00000000-0000-00ef-0000-010e00000004/location [39m[32m200[39m [90m23 ms - 77[39m
[35m[HTTP][39m [90m[39m
[35m[HTTP][39m [37m-->[39m [37mPOST[39m [37m/wd/hub/session/12797814-bf79-4100-a810-be1219d1958c/touch/perform[39m
[35m[HTTP][39m [90m{"actions":[{"action":"tap","options":{"x":1,"y":1,"element":"00000000-0000-00ef-0000-010e00000004"}}]}[39m
[35m[UiAutomator2][39m calling get location: 00000000-0000-00ef-0000-010e00000004
[35m[HTTP][39m [37m<-- POST /wd/hub/session/12797814-bf79-4100-a810-be1219d1958c/touch/perform [39m[32m200[39m [90m179 ms - 14[39m
[35m[HTTP][39m [90m[39m
[35m[HTTP][39m [37m-->[39m [37mGET[39m [37m/wd/hub/session/12797814-bf79-4100-a810-be1219d1958c/source[39m
[35m[HTTP][39m [90m{}[39m
[35m[W3C (12797814)][39m Driver proxy active, passing request on via HTTP proxy
[35m[WD Proxy][39m Replacing sessionId b209f887-ac63-49ac-ae40-df395a10e10e with 12797814-bf79-4100-a810-be1219d1958c
[35m[HTTP][39m [37m<-- GET /wd/hub/session/12797814-bf79-4100-a810-be1219d1958c/source [39m[32m200[39m [90m519 ms - 11248[39m
[35m[HTTP][39m [90m[39m
[35m[HTTP][39m [37m-->[39m [37mGET[39m [37m/wd/hub/session/12797814-bf79-4100-a810-be1219d1958c/screenshot[39m
[35m[HTTP][39m [90m{}[39m
[35m[HTTP][39m [37m<-- GET /wd/hub/session/12797814-bf79-4100-a810-be1219d1958c/screenshot [39m[32m200[39m [90m416 ms - 374400[39m
[35m[HTTP][39m [90m[39m
[35m[HTTP][39m [37m-->[39m [37mGET[39m [37m/wd/hub/session/12797814-bf79-4100-a810-be1219d1958c/context[39m
[35m[HTTP][39m [90m{}[39m
[35m[HTTP][39m [37m<-- GET /wd/hub/session/12797814-bf79-4100-a810-be1219d1958c/context [39m[32m200[39m [90m1 ms - 22[39m
[35m[HTTP][39m [90m[39m
[35m[HTTP][39m [37m-->[39m [37mGET[39m [37m/wd/hub/session/12797814-bf79-4100-a810-be1219d1958c/contexts[39m
[35m[HTTP][39m [90m{}[39m
[35m[HTTP][39m [37m<-- GET /wd/hub/session/12797814-bf79-4100-a810-be1219d1958c/contexts [39m[32m200[39m [90m102 ms - 24[39m
[35m[HTTP][39m [90m[39m
[35m[HTTP][39m [37m-->[39m [37mPOST[39m [37m/wd/hub/session/12797814-bf79-4100-a810-be1219d1958c/context[39m
[35m[HTTP][39m [90m{"name":"NATIVE_APP"}[39m
[35m[HTTP][39m [37m<-- POST /wd/hub/session/12797814-bf79-4100-a810-be1219d1958c/context [39m[32m200[39m [90m2 ms - 14[39m
[35m[HTTP][39m [90m[39m
[35m[HTTP][39m [37m-->[39m [37mPOST[39m [37m/wd/hub/session/12797814-bf79-4100-a810-be1219d1958c/appium/device/press_keycode[39m
[35m[HTTP][39m [90m{"keycode":4}[39m
[35m[HTTP][39m [37m<-- POST /wd/hub/session/12797814-bf79-4100-a810-be1219d1958c/appium/device/press_keycode [39m[32m200[39m [90m90 ms - 14[39m
[35m[HTTP][39m [90m[39m
[35m[HTTP][39m [37m-->[39m [37mPOST[39m [37m/wd/hub/session/12797814-bf79-4100-a810-be1219d1958c/context[39m
[35m[HTTP][39m [90m{"name":"NATIVE_APP"}[39m
[35m[HTTP][39m [37m<-- POST /wd/hub/session/12797814-bf79-4100-a810-be1219d1958c/context [39m[32m200[39m [90m2 ms - 14[39m
[35m[HTTP][39m [90m[39m
[35m[HTTP][39m [37m-->[39m [37mGET[39m [37m/wd/hub/session/12797814-bf79-4100-a810-be1219d1958c/source[39m
[35m[HTTP][39m [90m{}[39m
[35m[W3C (12797814)][39m Driver proxy active, passing request on via HTTP proxy
[35m[WD Proxy][39m Replacing sessionId b209f887-ac63-49ac-ae40-df395a10e10e with 12797814-bf79-4100-a810-be1219d1958c
[35m[HTTP][39m [37m<-- GET /wd/hub/session/12797814-bf79-4100-a810-be1219d1958c/source [39m[32m200[39m [90m499 ms - 29054[39m
[35m[HTTP][39m [90m[39m
[35m[HTTP][39m [37m-->[39m [37mGET[39m [37m/wd/hub/session/12797814-bf79-4100-a810-be1219d1958c/screenshot[39m
[35m[HTTP][39m [90m{}[39m
[35m[HTTP][39m [37m<-- GET /wd/hub/session/12797814-bf79-4100-a810-be1219d1958c/screenshot [39m[32m200[39m [90m1270 ms - 871638[39m
[35m[HTTP][39m [90m[39m
[35m[HTTP][39m [37m-->[39m [37mPOST[39m [37m/wd/hub/session/12797814-bf79-4100-a810-be1219d1958c/elements[39m
[35m[HTTP][39m [90m{"using":"xpath","value":"//*[@class = 'android.widget.ImageView' and @resource-id = '' and (@text = '' or . = '')]"}[39m
[35m[HTTP][39m [37m<-- POST /wd/hub/session/12797814-bf79-4100-a810-be1219d1958c/elements [39m[32m200[39m [90m670 ms - 3851[39m
[35m[HTTP][39m [90m[39m
[35m[HTTP][39m [37m-->[39m [37mPOST[39m [37m/wd/hub/session/12797814-bf79-4100-a810-be1219d1958c/elements[39m
[35m[HTTP][39m [90m{"using":"accessibility id","value":"新课推荐"}[39m
[35m[HTTP][39m [37m<-- POST /wd/hub/session/12797814-bf79-4100-a810-be1219d1958c/elements [39m[32m200[39m [90m65 ms - 139[39m
[35m[HTTP][39m [90m[39m
[35m[HTTP][39m [37m-->[39m [37mGET[39m [37m/wd/hub/session/12797814-bf79-4100-a810-be1219d1958c/window/rect[39m
[35m[HTTP][39m [90m{}[39m
[35m[HTTP][39m [37m<-- GET /wd/hub/session/12797814-bf79-4100-a810-be1219d1958c/window/rect [39m[32m200[39m [90m19 ms - 50[39m
[35m[HTTP][39m [90m[39m
[35m[HTTP][39m [37m-->[39m [37mPOST[39m [37m/wd/hub/session/12797814-bf79-4100-a810-be1219d1958c/elements[39m
[35m[HTTP][39m [90m{"using":"accessibility id","value":"新课推荐"}[39m
[35m[HTTP][39m [37m<-- POST /wd/hub/session/12797814-bf79-4100-a810-be1219d1958c/elements [39m[32m200[39m [90m54 ms - 139[39m
[35m[HTTP][39m [90m[39m
[35m[HTTP][39m [37m-->[39m [37mGET[39m [37m/wd/hub/session/12797814-bf79-4100-a810-be1219d1958c/element/00000000-0000-00ef-0000-002000000004/location[39m
[35m[HTTP][39m [90m{}[39m
[35m[W3C (12797814)][39m Driver proxy active, passing request on via HTTP proxy
[35m[WD Proxy][39m Replacing sessionId b209f887-ac63-49ac-ae40-df395a10e10e with 12797814-bf79-4100-a810-be1219d1958c
[35m[HTTP][39m [37m<-- GET /wd/hub/session/12797814-bf79-4100-a810-be1219d1958c/element/00000000-0000-00ef-0000-002000000004/location [39m[32m200[39m [90m26 ms - 77[39m
[35m[HTTP][39m [90m[39m
[35m[HTTP][39m [37m-->[39m [37mPOST[39m [37m/wd/hub/session/12797814-bf79-4100-a810-be1219d1958c/touch/perform[39m
[35m[HTTP][39m [90m{"actions":[{"action":"tap","options":{"x":1,"y":1,"element":"00000000-0000-00ef-0000-002000000004"}}]}[39m
[35m[UiAutomator2][39m calling get location: 00000000-0000-00ef-0000-002000000004
[35m[HTTP][39m [37m<-- POST /wd/hub/session/12797814-bf79-4100-a810-be1219d1958c/touch/perform [39m[32m200[39m [90m1588 ms - 14[39m
[35m[HTTP][39m [90m[39m
[35m[HTTP][39m [37m-->[39m [37mGET[39m [37m/wd/hub/session/12797814-bf79-4100-a810-be1219d1958c/source[39m
[35m[HTTP][39m [90m{}[39m
[35m[W3C (12797814)][39m Driver proxy active, passing request on via HTTP proxy
[35m[WD Proxy][39m Replacing sessionId b209f887-ac63-49ac-ae40-df395a10e10e with 12797814-bf79-4100-a810-be1219d1958c
[35m[HTTP][39m [37m<-- GET /wd/hub/session/12797814-bf79-4100-a810-be1219d1958c/source [39m[32m200[39m [90m470 ms - 28792[39m
[35m[HTTP][39m [90m[39m
[35m[HTTP][39m [37m-->[39m [37mGET[39m [37m/wd/hub/session/12797814-bf79-4100-a810-be1219d1958c/screenshot[39m
[35m[HTTP][39m [90m{}[39m
[35m[HTTP][39m [37m<-- GET /wd/hub/session/12797814-bf79-4100-a810-be1219d1958c/screenshot [39m[32m200[39m [90m582 ms - 503454[39m
[35m[HTTP][39m [90m[39m
[35m[HTTP][39m [37m-->[39m [37mPOST[39m [37m/wd/hub/session/12797814-bf79-4100-a810-be1219d1958c/elements[39m
[35m[HTTP][39m [90m{"using":"xpath","value":"//*[@class = 'android.widget.ImageView' and @resource-id = '' and (@text = '' or . = '')]"}[39m
[35m[HTTP][39m [37m<-- POST /wd/hub/session/12797814-bf79-4100-a810-be1219d1958c/elements [39m[32m200[39m [90m307 ms - 5643[39m
[35m[HTTP][39m [90m[39m
[35m[HTTP][39m [37m-->[39m [37mPOST[39m [37m/wd/hub/session/12797814-bf79-4100-a810-be1219d1958c/elements[39m
[35m[HTTP][39m [90m{"using":"-android uiautomator","value":"new UiSelector().className(\"android.widget.ImageView\").resourceId(\"\")"}[39m
[35m[HTTP][39m [37m<-- POST /wd/hub/session/12797814-bf79-4100-a810-be1219d1958c/elements [39m[32m200[39m [90m491 ms - 5643[39m
[35m[HTTP][39m [90m[39m
[35m[HTTP][39m [37m-->[39m [37mGET[39m [37m/wd/hub/session/12797814-bf79-4100-a810-be1219d1958c/window/rect[39m
[35m[HTTP][39m [90m{}[39m
[35m[HTTP][39m [37m<-- GET /wd/hub/session/12797814-bf79-4100-a810-be1219d1958c/window/rect [39m[32m200[39m [90m11 ms - 50[39m
[35m[HTTP][39m [90m[39m
[35m[HTTP][39m [37m-->[39m [37mPOST[39m [37m/wd/hub/session/12797814-bf79-4100-a810-be1219d1958c/elements[39m
[35m[HTTP][39m [90m{"using":"xpath","value":"//hierarchy/android.widget.FrameLayout[1]/android.widget.LinearLayout[1]/android.widget.FrameLayout[1]/android.widget.FrameLayout[1]/android.widget.FrameLayout[1]/android.view.View[1]/android.view.View[1]/android.view.View[1]/android.view.View[1]/android.view.View[2]/android.view.View[1]/android.view.View[1]/android.widget.ImageView[2]"}[39m
[35m[HTTP][39m [37m<-- POST /wd/hub/session/12797814-bf79-4100-a810-be1219d1958c/elements [39m[32m200[39m [90m123 ms - 139[39m
[35m[HTTP][39m [90m[39m
[35m[HTTP][39m [37m-->[39m [37mGET[39m [37m/wd/hub/session/12797814-bf79-4100-a810-be1219d1958c/element/00000000-0000-00ef-0000-017f00000004/location[39m
[35m[HTTP][39m [90m{}[39m
[35m[W3C (12797814)][39m Driver proxy active, passing request on via HTTP proxy
[35m[WD Proxy][39m Replacing sessionId b209f887-ac63-49ac-ae40-df395a10e10e with 12797814-bf79-4100-a810-be1219d1958c
[35m[HTTP][39m [37m<-- GET /wd/hub/session/12797814-bf79-4100-a810-be1219d1958c/element/00000000-0000-00ef-0000-017f00000004/location [39m[32m200[39m [90m21 ms - 78[39m
[35m[HTTP][39m [90m[39m
[35m[HTTP][39m [37m-->[39m [37mPOST[39m [37m/wd/hub/session/12797814-bf79-4100-a810-be1219d1958c/touch/perform[39m
[35m[HTTP][39m [90m{"actions":[{"action":"tap","options":{"x":1,"y":1,"element":"00000000-0000-00ef-0000-017f00000004"}}]}[39m
[35m[UiAutomator2][39m calling get location: 00000000-0000-00ef-0000-017f00000004
[35m[HTTP][39m [37m<-- POST /wd/hub/session/12797814-bf79-4100-a810-be1219d1958c/touch/perform [39m[32m200[39m [90m1766 ms - 14[39m
[35m[HTTP][39m [90m[39m
[35m[HTTP][39m [37m-->[39m [37mGET[39m [37m/wd/hub/session/12797814-bf79-4100-a810-be1219d1958c/source[39m
[35m[HTTP][39m [90m{}[39m
[35m[W3C (12797814)][39m Driver proxy active, passing request on via HTTP proxy
[35m[WD Proxy][39m Replacing sessionId b209f887-ac63-49ac-ae40-df395a10e10e with 12797814-bf79-4100-a810-be1219d1958c
[35m[HTTP][39m [37m<-- GET /wd/hub/session/12797814-bf79-4100-a810-be1219d1958c/source [39m[32m200[39m [90m175 ms - 24685[39m
[35m[HTTP][39m [90m[39m
[35m[HTTP][39m [37m-->[39m [37mGET[39m [37m/wd/hub/session/12797814-bf79-4100-a810-be1219d1958c/screenshot[39m
[35m[HTTP][39m [90m{}[39m
[35m[HTTP][39m [37m<-- GET /wd/hub/session/12797814-bf79-4100-a810-be1219d1958c/screenshot [39m[32m200[39m [90m656 ms - 600366[39m
[35m[HTTP][39m [90m[39m
[35m[HTTP][39m [37m-->[39m [37mGET[39m [37m/wd/hub/session/12797814-bf79-4100-a810-be1219d1958c/context[39m
[35m[HTTP][39m [90m{}[39m
[35m[HTTP][39m [37m<-- GET /wd/hub/session/12797814-bf79-4100-a810-be1219d1958c/context [39m[32m200[39m [90m1 ms - 22[39m
[35m[HTTP][39m [90m[39m
[35m[HTTP][39m [37m-->[39m [37mGET[39m [37m/wd/hub/session/12797814-bf79-4100-a810-be1219d1958c/contexts[39m
[35m[HTTP][39m [90m{}[39m
[35m[HTTP][39m [37m<-- GET /wd/hub/session/12797814-bf79-4100-a810-be1219d1958c/contexts [39m[32m200[39m [90m94 ms - 24[39m
[35m[HTTP][39m [90m[39m
[35m[HTTP][39m [37m-->[39m [37mPOST[39m [37m/wd/hub/session/12797814-bf79-4100-a810-be1219d1958c/context[39m
[35m[HTTP][39m [90m{"name":"NATIVE_APP"}[39m
[35m[HTTP][39m [37m<-- POST /wd/hub/session/12797814-bf79-4100-a810-be1219d1958c/context [39m[32m200[39m [90m1 ms - 14[39m
[35m[HTTP][39m [90m[39m
[35m[HTTP][39m [37m-->[39m [37mPOST[39m [37m/wd/hub/session/12797814-bf79-4100-a810-be1219d1958c/appium/device/press_keycode[39m
[35m[HTTP][39m [90m{"keycode":4}[39m
[35m[HTTP][39m [37m<-- POST /wd/hub/session/12797814-bf79-4100-a810-be1219d1958c/appium/device/press_keycode [39m[32m200[39m [90m69 ms - 14[39m
[35m[HTTP][39m [90m[39m
[35m[HTTP][39m [37m-->[39m [37mPOST[39m [37m/wd/hub/session/12797814-bf79-4100-a810-be1219d1958c/context[39m
[35m[HTTP][39m [90m{"name":"NATIVE_APP"}[39m
[35m[HTTP][39m [37m<-- POST /wd/hub/session/12797814-bf79-4100-a810-be1219d1958c/context [39m[32m200[39m [90m4 ms - 14[39m
[35m[HTTP][39m [90m[39m
[35m[HTTP][39m [37m-->[39m [37mGET[39m [37m/wd/hub/session/12797814-bf79-4100-a810-be1219d1958c/source[39m
[35m[HTTP][39m [90m{}[39m
[35m[W3C (12797814)][39m Driver proxy active, passing request on via HTTP proxy
[35m[WD Proxy][39m Replacing sessionId b209f887-ac63-49ac-ae40-df395a10e10e with 12797814-bf79-4100-a810-be1219d1958c
[35m[HTTP][39m [37m<-- GET /wd/hub/session/12797814-bf79-4100-a810-be1219d1958c/source [39m[32m200[39m [90m293 ms - 27557[39m
[35m[HTTP][39m [90m[39m
[35m[HTTP][39m [37m-->[39m [37mGET[39m [37m/wd/hub/session/12797814-bf79-4100-a810-be1219d1958c/screenshot[39m
[35m[HTTP][39m [90m{}[39m
[35m[HTTP][39m [37m<-- GET /wd/hub/session/12797814-bf79-4100-a810-be1219d1958c/screenshot [39m[32m200[39m [90m690 ms - 1152610[39m
[35m[HTTP][39m [90m[39m
[35m[HTTP][39m [37m-->[39m [37mGET[39m [37m/wd/hub/session/12797814-bf79-4100-a810-be1219d1958c/context[39m
[35m[HTTP][39m [90m{}[39m
[35m[HTTP][39m [37m<-- GET /wd/hub/session/12797814-bf79-4100-a810-be1219d1958c/context [39m[32m200[39m [90m2 ms - 22[39m
[35m[HTTP][39m [90m[39m
[35m[HTTP][39m [37m-->[39m [37mGET[39m [37m/wd/hub/session/12797814-bf79-4100-a810-be1219d1958c/contexts[39m
[35m[HTTP][39m [90m{}[39m
[35m[HTTP][39m [37m<-- GET /wd/hub/session/12797814-bf79-4100-a810-be1219d1958c/contexts [39m[32m200[39m [90m89 ms - 24[39m
[35m[HTTP][39m [90m[39m
[35m[HTTP][39m [37m-->[39m [37mPOST[39m [37m/wd/hub/session/12797814-bf79-4100-a810-be1219d1958c/context[39m
[35m[HTTP][39m [90m{"name":"NATIVE_APP"}[39m
[35m[HTTP][39m [37m<-- POST /wd/hub/session/12797814-bf79-4100-a810-be1219d1958c/context [39m[32m200[39m [90m2 ms - 14[39m
[35m[HTTP][39m [90m[39m
[35m[HTTP][39m [37m-->[39m [37mPOST[39m [37m/wd/hub/session/12797814-bf79-4100-a810-be1219d1958c/appium/device/press_keycode[39m
[35m[HTTP][39m [90m{"keycode":4}[39m
[35m[HTTP][39m [37m<-- POST /wd/hub/session/12797814-bf79-4100-a810-be1219d1958c/appium/device/press_keycode [39m[32m200[39m [90m90 ms - 14[39m
[35m[HTTP][39m [90m[39m
[35m[HTTP][39m [37m-->[39m [37mPOST[39m [37m/wd/hub/session/12797814-bf79-4100-a810-be1219d1958c/context[39m
[35m[HTTP][39m [90m{"name":"NATIVE_APP"}[39m
[35m[HTTP][39m [37m<-- POST /wd/hub/session/12797814-bf79-4100-a810-be1219d1958c/context [39m[32m200[39m [90m1 ms - 14[39m
[35m[HTTP][39m [90m[39m
[35m[HTTP][39m [37m-->[39m [37mGET[39m [37m/wd/hub/session/12797814-bf79-4100-a810-be1219d1958c/source[39m
[35m[HTTP][39m [90m{}[39m
[35m[W3C (12797814)][39m Driver proxy active, passing request on via HTTP proxy
[35m[WD Proxy][39m Replacing sessionId b209f887-ac63-49ac-ae40-df395a10e10e with 12797814-bf79-4100-a810-be1219d1958c
[35m[HTTP][39m [37m<-- GET /wd/hub/session/12797814-bf79-4100-a810-be1219d1958c/source [39m[32m200[39m [90m1485 ms - 29054[39m
[35m[HTTP][39m [90m[39m
[35m[HTTP][39m [37m-->[39m [37mGET[39m [37m/wd/hub/session/12797814-bf79-4100-a810-be1219d1958c/screenshot[39m
[35m[HTTP][39m [90m{}[39m
[35m[HTTP][39m [37m<-- GET /wd/hub/session/12797814-bf79-4100-a810-be1219d1958c/screenshot [39m[32m200[39m [90m971 ms - 1005364[39m
[35m[HTTP][39m [90m[39m
[35m[HTTP][39m [37m-->[39m [37mPOST[39m [37m/wd/hub/session/12797814-bf79-4100-a810-be1219d1958c/elements[39m
[35m[HTTP][39m [90m{"using":"xpath","value":"//*[@class = 'android.widget.ImageView' and @resource-id = '' and (@text = '' or . = '')]"}[39m
[35m[HTTP][39m [37m<-- POST /wd/hub/session/12797814-bf79-4100-a810-be1219d1958c/elements [39m[32m200[39m [90m384 ms - 3851[39m
[35m[HTTP][39m [90m[39m
[35m[HTTP][39m [37m-->[39m [37mPOST[39m [37m/wd/hub/session/12797814-bf79-4100-a810-be1219d1958c/elements[39m
[35m[HTTP][39m [90m{"using":"accessibility id","value":"限时免费"}[39m
[35m[HTTP][39m [37m<-- POST /wd/hub/session/12797814-bf79-4100-a810-be1219d1958c/elements [39m[32m200[39m [90m54 ms - 139[39m
[35m[HTTP][39m [90m[39m
[35m[HTTP][39m [37m-->[39m [37mGET[39m [37m/wd/hub/session/12797814-bf79-4100-a810-be1219d1958c/window/rect[39m
[35m[HTTP][39m [90m{}[39m
[35m[HTTP][39m [37m<-- GET /wd/hub/session/12797814-bf79-4100-a810-be1219d1958c/window/rect [39m[32m200[39m [90m15 ms - 50[39m
[35m[HTTP][39m [90m[39m
[35m[HTTP][39m [37m-->[39m [37mPOST[39m [37m/wd/hub/session/12797814-bf79-4100-a810-be1219d1958c/elements[39m
[35m[HTTP][39m [90m{"using":"accessibility id","value":"限时免费"}[39m
[35m[HTTP][39m [37m<-- POST /wd/hub/session/12797814-bf79-4100-a810-be1219d1958c/elements [39m[32m200[39m [90m51 ms - 139[39m
[35m[HTTP][39m [90m[39m
[35m[HTTP][39m [37m-->[39m [37mGET[39m [37m/wd/hub/session/12797814-bf79-4100-a810-be1219d1958c/element/00000000-0000-00ef-0000-002100000004/location[39m
[35m[HTTP][39m [90m{}[39m
[35m[W3C (12797814)][39m Driver proxy active, passing request on via HTTP proxy
[35m[WD Proxy][39m Replacing sessionId b209f887-ac63-49ac-ae40-df395a10e10e with 12797814-bf79-4100-a810-be1219d1958c
[35m[HTTP][39m [37m<-- GET /wd/hub/session/12797814-bf79-4100-a810-be1219d1958c/element/00000000-0000-00ef-0000-002100000004/location [39m[32m200[39m [90m23 ms - 78[39m
[35m[HTTP][39m [90m[39m
[35m[HTTP][39m [37m-->[39m [37mPOST[39m [37m/wd/hub/session/12797814-bf79-4100-a810-be1219d1958c/touch/perform[39m
[35m[HTTP][39m [90m{"actions":[{"action":"tap","options":{"x":1,"y":1,"element":"00000000-0000-00ef-0000-002100000004"}}]}[39m
[35m[UiAutomator2][39m calling get location: 00000000-0000-00ef-0000-002100000004
[35m[HTTP][39m [37m<-- POST /wd/hub/session/12797814-bf79-4100-a810-be1219d1958c/touch/perform [39m[32m200[39m [90m2455 ms - 14[39m
[35m[HTTP][39m [90m[39m
[35m[HTTP][39m [37m-->[39m [37mGET[39m [37m/wd/hub/session/12797814-bf79-4100-a810-be1219d1958c/source[39m
[35m[HTTP][39m [90m{}[39m
[35m[W3C (12797814)][39m Driver proxy active, passing request on via HTTP proxy
[35m[WD Proxy][39m Replacing sessionId b209f887-ac63-49ac-ae40-df395a10e10e with 12797814-bf79-4100-a810-be1219d1958c
[35m[HTTP][39m [37m<-- GET /wd/hub/session/12797814-bf79-4100-a810-be1219d1958c/source [39m[32m200[39m [90m2049 ms - 29718[39m
[35m[HTTP][39m [90m[39m
[35m[HTTP][39m [37m-->[39m [37mGET[39m [37m/wd/hub/session/12797814-bf79-4100-a810-be1219d1958c/screenshot[39m
[35m[HTTP][39m [90m{}[39m
[35m[HTTP][39m [37m<-- GET /wd/hub/session/12797814-bf79-4100-a810-be1219d1958c/screenshot [39m[32m200[39m [90m952 ms - 1209780[39m
[35m[HTTP][39m [90m[39m
[35m[HTTP][39m [37m-->[39m [37mGET[39m [37m/wd/hub/session/12797814-bf79-4100-a810-be1219d1958c/context[39m
[35m[HTTP][39m [90m{}[39m
[35m[HTTP][39m [37m<-- GET /wd/hub/session/12797814-bf79-4100-a810-be1219d1958c/context [39m[32m200[39m [90m2 ms - 22[39m
[35m[HTTP][39m [90m[39m
[35m[HTTP][39m [37m-->[39m [37mGET[39m [37m/wd/hub/session/12797814-bf79-4100-a810-be1219d1958c/contexts[39m
[35m[HTTP][39m [90m{}[39m
[35m[HTTP][39m [37m<-- GET /wd/hub/session/12797814-bf79-4100-a810-be1219d1958c/contexts [39m[32m200[39m [90m98 ms - 24[39m
[35m[HTTP][39m [90m[39m
[35m[HTTP][39m [37m-->[39m [37mPOST[39m [37m/wd/hub/session/12797814-bf79-4100-a810-be1219d1958c/context[39m
[35m[HTTP][39m [90m{"name":"NATIVE_APP"}[39m
[35m[HTTP][39m [37m<-- POST /wd/hub/session/12797814-bf79-4100-a810-be1219d1958c/context [39m[32m200[39m [90m2 ms - 14[39m
[35m[HTTP][39m [90m[39m
[35m[HTTP][39m [37m-->[39m [37mPOST[39m [37m/wd/hub/session/12797814-bf79-4100-a810-be1219d1958c/appium/device/press_keycode[39m
[35m[HTTP][39m [90m{"keycode":4}[39m
[35m[HTTP][39m [37m<-- POST /wd/hub/session/12797814-bf79-4100-a810-be1219d1958c/appium/device/press_keycode [39m[32m200[39m [90m68 ms - 14[39m
[35m[HTTP][39m [90m[39m
[35m[HTTP][39m [37m-->[39m [37mPOST[39m [37m/wd/hub/session/12797814-bf79-4100-a810-be1219d1958c/context[39m
[35m[HTTP][39m [90m{"name":"NATIVE_APP"}[39m
[35m[HTTP][39m [37m<-- POST /wd/hub/session/12797814-bf79-4100-a810-be1219d1958c/context [39m[32m200[39m [90m1 ms - 14[39m
[35m[HTTP][39m [90m[39m
[35m[HTTP][39m [37m-->[39m [37mGET[39m [37m/wd/hub/session/12797814-bf79-4100-a810-be1219d1958c/source[39m
[35m[HTTP][39m [90m{}[39m
[35m[W3C (12797814)][39m Driver proxy active, passing request on via HTTP proxy
[35m[WD Proxy][39m Replacing sessionId b209f887-ac63-49ac-ae40-df395a10e10e with 12797814-bf79-4100-a810-be1219d1958c
[35m[HTTP][39m [37m<-- GET /wd/hub/session/12797814-bf79-4100-a810-be1219d1958c/source [39m[32m200[39m [90m1385 ms - 29054[39m
[35m[HTTP][39m [90m[39m
[35m[HTTP][39m [37m-->[39m [37mGET[39m [37m/wd/hub/session/12797814-bf79-4100-a810-be1219d1958c/screenshot[39m
[35m[HTTP][39m [90m{}[39m
[35m[HTTP][39m [37m<-- GET /wd/hub/session/12797814-bf79-4100-a810-be1219d1958c/screenshot [39m[32m200[39m [90m979 ms - 907104[39m
[35m[HTTP][39m [90m[39m
[35m[HTTP][39m [37m-->[39m [37mPOST[39m [37m/wd/hub/session/12797814-bf79-4100-a810-be1219d1958c/elements[39m
[35m[HTTP][39m [90m{"using":"xpath","value":"//*[@class = 'android.view.View' and @resource-id = '' and (@text = '' or . = '')]"}[39m
[35m[HTTP][39m [37m<-- POST /wd/hub/session/12797814-bf79-4100-a810-be1219d1958c/elements [39m[32m200[39m [90m598 ms - 3467[39m
[35m[HTTP][39m [90m[39m
[35m[HTTP][39m [37m-->[39m [37mPOST[39m [37m/wd/hub/session/12797814-bf79-4100-a810-be1219d1958c/elements[39m
[35m[HTTP][39m [90m{"using":"accessibility id","value":"热门讲师\n查看更多"}[39m
[35m[HTTP][39m [37m<-- POST /wd/hub/session/12797814-bf79-4100-a810-be1219d1958c/elements [39m[32m200[39m [90m55 ms - 139[39m
[35m[HTTP][39m [90m[39m
[35m[HTTP][39m [37m-->[39m [37mGET[39m [37m/wd/hub/session/12797814-bf79-4100-a810-be1219d1958c/window/rect[39m
[35m[HTTP][39m [90m{}[39m
[35m[HTTP][39m [37m<-- GET /wd/hub/session/12797814-bf79-4100-a810-be1219d1958c/window/rect [39m[32m200[39m [90m12 ms - 50[39m
[35m[HTTP][39m [90m[39m
[35m[HTTP][39m [37m-->[39m [37mPOST[39m [37m/wd/hub/session/12797814-bf79-4100-a810-be1219d1958c/elements[39m
[35m[HTTP][39m [90m{"using":"accessibility id","value":"热门讲师\n查看更多"}[39m
[35m[HTTP][39m [37m<-- POST /wd/hub/session/12797814-bf79-4100-a810-be1219d1958c/elements [39m[32m200[39m [90m55 ms - 139[39m
[35m[HTTP][39m [90m[39m
[35m[HTTP][39m [37m-->[39m [37mGET[39m [37m/wd/hub/session/12797814-bf79-4100-a810-be1219d1958c/element/00000000-0000-00ef-0000-002500000004/location[39m
[35m[HTTP][39m [90m{}[39m
[35m[W3C (12797814)][39m Driver proxy active, passing request on via HTTP proxy
[35m[WD Proxy][39m Replacing sessionId b209f887-ac63-49ac-ae40-df395a10e10e with 12797814-bf79-4100-a810-be1219d1958c
[35m[HTTP][39m [37m<-- GET /wd/hub/session/12797814-bf79-4100-a810-be1219d1958c/element/00000000-0000-00ef-0000-002500000004/location [39m[32m200[39m [90m40 ms - 77[39m
[35m[HTTP][39m [90m[39m
[35m[HTTP][39m [37m-->[39m [37mPOST[39m [37m/wd/hub/session/12797814-bf79-4100-a810-be1219d1958c/touch/perform[39m
[35m[HTTP][39m [90m{"actions":[{"action":"tap","options":{"x":1,"y":1,"element":"00000000-0000-00ef-0000-002500000004"}}]}[39m
[35m[UiAutomator2][39m calling get location: 00000000-0000-00ef-0000-002500000004
[35m[HTTP][39m [37m<-- POST /wd/hub/session/12797814-bf79-4100-a810-be1219d1958c/touch/perform [39m[32m200[39m [90m630 ms - 14[39m
[35m[HTTP][39m [90m[39m
[35m[HTTP][39m [37m-->[39m [37mGET[39m [37m/wd/hub/session/12797814-bf79-4100-a810-be1219d1958c/source[39m
[35m[HTTP][39m [90m{}[39m
[35m[W3C (12797814)][39m Driver proxy active, passing request on via HTTP proxy
[35m[WD Proxy][39m Replacing sessionId b209f887-ac63-49ac-ae40-df395a10e10e with 12797814-bf79-4100-a810-be1219d1958c
[35m[HTTP][39m [37m<-- GET /wd/hub/session/12797814-bf79-4100-a810-be1219d1958c/source [39m[32m200[39m [90m1065 ms - 29054[39m
[35m[HTTP][39m [90m[39m
[35m[HTTP][39m [37m-->[39m [37mGET[39m [37m/wd/hub/session/12797814-bf79-4100-a810-be1219d1958c/screenshot[39m
[35m[HTTP][39m [90m{}[39m
[35m[HTTP][39m [37m<-- GET /wd/hub/session/12797814-bf79-4100-a810-be1219d1958c/screenshot [39m[32m200[39m [90m978 ms - 1176992[39m
[35m[HTTP][39m [90m[39m
[35m[HTTP][39m [37m-->[39m [37mPOST[39m [37m/wd/hub/session/12797814-bf79-4100-a810-be1219d1958c/elements[39m
[35m[HTTP][39m [90m{"using":"xpath","value":"//*[@class = 'android.view.View' and @resource-id = '' and (@text = '' or . = '')]"}[39m
[35m[HTTP][39m [37m<-- POST /wd/hub/session/12797814-bf79-4100-a810-be1219d1958c/elements [39m[32m200[39m [90m279 ms - 3467[39m
[35m[HTTP][39m [90m[39m
[35m[HTTP][39m [37m-->[39m [37mPOST[39m [37m/wd/hub/session/12797814-bf79-4100-a810-be1219d1958c/elements[39m
[35m[HTTP][39m [90m{"using":"accessibility id","value":"热门讲师\n查看更多"}[39m
[35m[HTTP][39m [37m<-- POST /wd/hub/session/12797814-bf79-4100-a810-be1219d1958c/elements [39m[32m200[39m [90m67 ms - 139[39m
[35m[HTTP][39m [90m[39m
[35m[HTTP][39m [37m-->[39m [37mGET[39m [37m/wd/hub/session/12797814-bf79-4100-a810-be1219d1958c/window/rect[39m
[35m[HTTP][39m [90m{}[39m
[35m[HTTP][39m [37m<-- GET /wd/hub/session/12797814-bf79-4100-a810-be1219d1958c/window/rect [39m[32m200[39m [90m24 ms - 50[39m
[35m[HTTP][39m [90m[39m
[35m[HTTP][39m [37m-->[39m [37mPOST[39m [37m/wd/hub/session/12797814-bf79-4100-a810-be1219d1958c/elements[39m
[35m[HTTP][39m [90m{"using":"accessibility id","value":"热门讲师\n查看更多"}[39m
[35m[HTTP][39m [37m<-- POST /wd/hub/session/12797814-bf79-4100-a810-be1219d1958c/elements [39m[32m200[39m [90m55 ms - 139[39m
[35m[HTTP][39m [90m[39m
[35m[HTTP][39m [37m-->[39m [37mGET[39m [37m/wd/hub/session/12797814-bf79-4100-a810-be1219d1958c/element/00000000-0000-00ef-0000-002500000004/location[39m
[35m[HTTP][39m [90m{}[39m
[35m[W3C (12797814)][39m Driver proxy active, passing request on via HTTP proxy
[35m[WD Proxy][39m Replacing sessionId b209f887-ac63-49ac-ae40-df395a10e10e with 12797814-bf79-4100-a810-be1219d1958c
[35m[HTTP][39m [37m<-- GET /wd/hub/session/12797814-bf79-4100-a810-be1219d1958c/element/00000000-0000-00ef-0000-002500000004/location [39m[32m200[39m [90m23 ms - 77[39m
[35m[HTTP][39m [90m[39m
[35m[HTTP][39m [37m-->[39m [37mPOST[39m [37m/wd/hub/session/12797814-bf79-4100-a810-be1219d1958c/touch/perform[39m
[35m[HTTP][39m [90m{"actions":[{"action":"longPress","options":{"element":"00000000-0000-00ef-0000-002500000004"}},{"action":"release","options":{}}]}[39m
[35m[UiAutomator2][39m calling get location: 00000000-0000-00ef-0000-002500000004
[35m[HTTP][39m [37m<-- POST /wd/hub/session/12797814-bf79-4100-a810-be1219d1958c/touch/perform [39m[32m200[39m [90m2616 ms - 14[39m
[35m[HTTP][39m [90m[39m
[35m[HTTP][39m [37m-->[39m [37mGET[39m [37m/wd/hub/session/12797814-bf79-4100-a810-be1219d1958c/source[39m
[35m[HTTP][39m [90m{}[39m
[35m[W3C (12797814)][39m Driver proxy active, passing request on via HTTP proxy
[35m[WD Proxy][39m Replacing sessionId b209f887-ac63-49ac-ae40-df395a10e10e with 12797814-bf79-4100-a810-be1219d1958c
[35m[HTTP][39m [37m<-- GET /wd/hub/session/12797814-bf79-4100-a810-be1219d1958c/source [39m[32m200[39m [90m219 ms - 29054[39m
[35m[HTTP][39m [90m[39m
[35m[HTTP][39m [37m-->[39m [37mGET[39m [37m/wd/hub/session/12797814-bf79-4100-a810-be1219d1958c/screenshot[39m
[35m[HTTP][39m [90m{}[39m
[35m[HTTP][39m [37m<-- GET /wd/hub/session/12797814-bf79-4100-a810-be1219d1958c/screenshot [39m[32m200[39m [90m965 ms - 905900[39m
[35m[HTTP][39m [90m[39m
[35m[HTTP][39m [37m-->[39m [37mPOST[39m [37m/wd/hub/session/12797814-bf79-4100-a810-be1219d1958c/elements[39m
[35m[HTTP][39m [90m{"using":"xpath","value":"//*[@class = 'android.widget.ImageView' and @resource-id = '' and (@text = '' or . = '')]"}[39m
[35m[HTTP][39m [37m<-- POST /wd/hub/session/12797814-bf79-4100-a810-be1219d1958c/elements [39m[32m200[39m [90m476 ms - 3851[39m
[35m[HTTP][39m [90m[39m
[35m[HTTP][39m [37m-->[39m [37mPOST[39m [37m/wd/hub/session/12797814-bf79-4100-a810-be1219d1958c/elements[39m
[35m[HTTP][39m [90m{"using":"accessibility id","value":"课程\n第 2 个标签，共 5 个"}[39m
[35m[HTTP][39m [37m<-- POST /wd/hub/session/12797814-bf79-4100-a810-be1219d1958c/elements [39m[32m200[39m [90m54 ms - 139[39m
[35m[HTTP][39m [90m[39m
[35m[HTTP][39m [37m-->[39m [37mGET[39m [37m/wd/hub/session/12797814-bf79-4100-a810-be1219d1958c/window/rect[39m
[35m[HTTP][39m [90m{}[39m
[35m[HTTP][39m [37m<-- GET /wd/hub/session/12797814-bf79-4100-a810-be1219d1958c/window/rect [39m[32m200[39m [90m12 ms - 50[39m
[35m[HTTP][39m [90m[39m
[35m[HTTP][39m [37m-->[39m [37mPOST[39m [37m/wd/hub/session/12797814-bf79-4100-a810-be1219d1958c/elements[39m
[35m[HTTP][39m [90m{"using":"accessibility id","value":"课程\n第 2 个标签，共 5 个"}[39m
[35m[HTTP][39m [37m<-- POST /wd/hub/session/12797814-bf79-4100-a810-be1219d1958c/elements [39m[32m200[39m [90m53 ms - 139[39m
[35m[HTTP][39m [90m[39m
[35m[HTTP][39m [37m-->[39m [37mGET[39m [37m/wd/hub/session/12797814-bf79-4100-a810-be1219d1958c/element/00000000-0000-00ef-0000-003000000004/location[39m
[35m[HTTP][39m [90m{}[39m
[35m[W3C (12797814)][39m Driver proxy active, passing request on via HTTP proxy
[35m[WD Proxy][39m Replacing sessionId b209f887-ac63-49ac-ae40-df395a10e10e with 12797814-bf79-4100-a810-be1219d1958c
[35m[HTTP][39m [37m<-- GET /wd/hub/session/12797814-bf79-4100-a810-be1219d1958c/element/00000000-0000-00ef-0000-003000000004/location [39m[32m200[39m [90m26 ms - 79[39m
[35m[HTTP][39m [90m[39m
[35m[HTTP][39m [37m-->[39m [37mPOST[39m [37m/wd/hub/session/12797814-bf79-4100-a810-be1219d1958c/touch/perform[39m
[35m[HTTP][39m [90m{"actions":[{"action":"tap","options":{"x":1,"y":1,"element":"00000000-0000-00ef-0000-003000000004"}}]}[39m
[35m[UiAutomator2][39m calling get location: 00000000-0000-00ef-0000-003000000004
[35m[HTTP][39m [37m<-- POST /wd/hub/session/12797814-bf79-4100-a810-be1219d1958c/touch/perform [39m[32m200[39m [90m1210 ms - 14[39m
[35m[HTTP][39m [90m[39m
[35m[HTTP][39m [37m-->[39m [37mGET[39m [37m/wd/hub/session/12797814-bf79-4100-a810-be1219d1958c/source[39m
[35m[HTTP][39m [90m{}[39m
[35m[W3C (12797814)][39m Driver proxy active, passing request on via HTTP proxy
[35m[WD Proxy][39m Replacing sessionId b209f887-ac63-49ac-ae40-df395a10e10e with 12797814-bf79-4100-a810-be1219d1958c
[35m[HTTP][39m [37m<-- GET /wd/hub/session/12797814-bf79-4100-a810-be1219d1958c/source [39m[32m200[39m [90m126 ms - 24946[39m
[35m[HTTP][39m [90m[39m
[35m[HTTP][39m [37m-->[39m [37mGET[39m [37m/wd/hub/session/12797814-bf79-4100-a810-be1219d1958c/screenshot[39m
[35m[HTTP][39m [90m{}[39m
[35m[HTTP][39m [37m<-- GET /wd/hub/session/12797814-bf79-4100-a810-be1219d1958c/screenshot [39m[32m200[39m [90m692 ms - 869754[39m
[35m[HTTP][39m [90m[39m
[35m[HTTP][39m [37m-->[39m [37mPOST[39m [37m/wd/hub/session/12797814-bf79-4100-a810-be1219d1958c/elements[39m
[35m[HTTP][39m [90m{"using":"xpath","value":"//*[@class = 'android.view.View' and @resource-id = '' and (@text = '' or . = '')]"}[39m
[35m[HTTP][39m [37m<-- POST /wd/hub/session/12797814-bf79-4100-a810-be1219d1958c/elements [39m[32m200[39m [90m241 ms - 4363[39m
[35m[HTTP][39m [90m[39m
[35m[HTTP][39m [37m-->[39m [37mPOST[39m [37m/wd/hub/session/12797814-bf79-4100-a810-be1219d1958c/elements[39m
[35m[HTTP][39m [90m{"using":"accessibility id","value":"Python"}[39m
[35m[HTTP][39m [37m<-- POST /wd/hub/session/12797814-bf79-4100-a810-be1219d1958c/elements [39m[32m200[39m [90m48 ms - 139[39m
[35m[HTTP][39m [90m[39m
[35m[HTTP][39m [37m-->[39m [37mGET[39m [37m/wd/hub/session/12797814-bf79-4100-a810-be1219d1958c/window/rect[39m
[35m[HTTP][39m [90m{}[39m
[35m[HTTP][39m [37m<-- GET /wd/hub/session/12797814-bf79-4100-a810-be1219d1958c/window/rect [39m[32m200[39m [90m11 ms - 50[39m
[35m[HTTP][39m [90m[39m
[35m[HTTP][39m [37m-->[39m [37mPOST[39m [37m/wd/hub/session/12797814-bf79-4100-a810-be1219d1958c/elements[39m
[35m[HTTP][39m [90m{"using":"accessibility id","value":"Python"}[39m
[35m[HTTP][39m [37m<-- POST /wd/hub/session/12797814-bf79-4100-a810-be1219d1958c/elements [39m[32m200[39m [90m53 ms - 139[39m
[35m[HTTP][39m [90m[39m
[35m[HTTP][39m [37m-->[39m [37mGET[39m [37m/wd/hub/session/12797814-bf79-4100-a810-be1219d1958c/element/00000000-0000-00ef-0000-033b00000004/location[39m
[35m[HTTP][39m [90m{}[39m
[35m[W3C (12797814)][39m Driver proxy active, passing request on via HTTP proxy
[35m[WD Proxy][39m Replacing sessionId b209f887-ac63-49ac-ae40-df395a10e10e with 12797814-bf79-4100-a810-be1219d1958c
[35m[HTTP][39m [37m<-- GET /wd/hub/session/12797814-bf79-4100-a810-be1219d1958c/element/00000000-0000-00ef-0000-033b00000004/location [39m[32m200[39m [90m24 ms - 76[39m
[35m[HTTP][39m [90m[39m
[35m[HTTP][39m [37m-->[39m [37mPOST[39m [37m/wd/hub/session/12797814-bf79-4100-a810-be1219d1958c/touch/perform[39m
[35m[HTTP][39m [90m{"actions":[{"action":"tap","options":{"x":1,"y":1,"element":"00000000-0000-00ef-0000-033b00000004"}}]}[39m
[35m[UiAutomator2][39m calling get location: 00000000-0000-00ef-0000-033b00000004
[35m[HTTP][39m [37m<-- POST /wd/hub/session/12797814-bf79-4100-a810-be1219d1958c/touch/perform [39m[32m200[39m [90m179 ms - 14[39m
[35m[HTTP][39m [90m[39m
[35m[HTTP][39m [37m-->[39m [37mGET[39m [37m/wd/hub/session/12797814-bf79-4100-a810-be1219d1958c/source[39m
[35m[HTTP][39m [90m{}[39m
[35m[W3C (12797814)][39m Driver proxy active, passing request on via HTTP proxy
[35m[WD Proxy][39m Replacing sessionId b209f887-ac63-49ac-ae40-df395a10e10e with 12797814-bf79-4100-a810-be1219d1958c
[35m[HTTP][39m [37m<-- GET /wd/hub/session/12797814-bf79-4100-a810-be1219d1958c/source [39m[32m200[39m [90m182 ms - 24946[39m
[35m[HTTP][39m [90m[39m
[35m[HTTP][39m [37m-->[39m [37mGET[39m [37m/wd/hub/session/12797814-bf79-4100-a810-be1219d1958c/screenshot[39m
[35m[HTTP][39m [90m{}[39m
[35m[HTTP][39m [37m<-- GET /wd/hub/session/12797814-bf79-4100-a810-be1219d1958c/screenshot [39m[32m200[39m [90m485 ms - 379274[39m
[35m[HTTP][39m [90m[39m
[35m[HTTP][39m [37m-->[39m [37mPOST[39m [37m/wd/hub/session/12797814-bf79-4100-a810-be1219d1958c/elements[39m
[35m[HTTP][39m [90m{"using":"xpath","value":"//*[@class = 'android.view.View' and @resource-id = '' and (@text = '' or . = '')]"}[39m
[35m[HTTP][39m [37m<-- POST /wd/hub/session/12797814-bf79-4100-a810-be1219d1958c/elements [39m[32m200[39m [90m283 ms - 4491[39m
[35m[HTTP][39m [90m[39m
[35m[HTTP][39m [37m-->[39m [37mPOST[39m [37m/wd/hub/session/12797814-bf79-4100-a810-be1219d1958c/elements[39m
[35m[HTTP][39m [90m{"using":"accessibility id","value":"java"}[39m
[35m[HTTP][39m [37m<-- POST /wd/hub/session/12797814-bf79-4100-a810-be1219d1958c/elements [39m[32m200[39m [90m58 ms - 139[39m
[35m[HTTP][39m [90m[39m
[35m[HTTP][39m [37m-->[39m [37mGET[39m [37m/wd/hub/session/12797814-bf79-4100-a810-be1219d1958c/window/rect[39m
[35m[HTTP][39m [90m{}[39m
[35m[HTTP][39m [37m<-- GET /wd/hub/session/12797814-bf79-4100-a810-be1219d1958c/window/rect [39m[32m200[39m [90m15 ms - 50[39m
[35m[HTTP][39m [90m[39m
[35m[HTTP][39m [37m-->[39m [37mPOST[39m [37m/wd/hub/session/12797814-bf79-4100-a810-be1219d1958c/elements[39m
[35m[HTTP][39m [90m{"using":"accessibility id","value":"java"}[39m
[35m[HTTP][39m [37m<-- POST /wd/hub/session/12797814-bf79-4100-a810-be1219d1958c/elements [39m[32m200[39m [90m52 ms - 139[39m
[35m[HTTP][39m [90m[39m
[35m[HTTP][39m [37m-->[39m [37mGET[39m [37m/wd/hub/session/12797814-bf79-4100-a810-be1219d1958c/element/00000000-0000-00ef-0000-033c00000004/location[39m
[35m[HTTP][39m [90m{}[39m
[35m[W3C (12797814)][39m Driver proxy active, passing request on via HTTP proxy
[35m[WD Proxy][39m Replacing sessionId b209f887-ac63-49ac-ae40-df395a10e10e with 12797814-bf79-4100-a810-be1219d1958c
[35m[HTTP][39m [37m<-- GET /wd/hub/session/12797814-bf79-4100-a810-be1219d1958c/element/00000000-0000-00ef-0000-033c00000004/location [39m[32m200[39m [90m33 ms - 76[39m
[35m[HTTP][39m [90m[39m
[35m[HTTP][39m [37m-->[39m [37mPOST[39m [37m/wd/hub/session/12797814-bf79-4100-a810-be1219d1958c/touch/perform[39m
[35m[HTTP][39m [90m{"actions":[{"action":"tap","options":{"x":1,"y":1,"element":"00000000-0000-00ef-0000-033c00000004"}}]}[39m
[35m[UiAutomator2][39m calling get location: 00000000-0000-00ef-0000-033c00000004
[35m[HTTP][39m [37m<-- POST /wd/hub/session/12797814-bf79-4100-a810-be1219d1958c/touch/perform [39m[32m200[39m [90m598 ms - 14[39m
[35m[HTTP][39m [90m[39m
[35m[HTTP][39m [37m-->[39m [37mGET[39m [37m/wd/hub/session/12797814-bf79-4100-a810-be1219d1958c/source[39m
[35m[HTTP][39m [90m{}[39m
[35m[W3C (12797814)][39m Driver proxy active, passing request on via HTTP proxy
[35m[WD Proxy][39m Replacing sessionId b209f887-ac63-49ac-ae40-df395a10e10e with 12797814-bf79-4100-a810-be1219d1958c
[35m[HTTP][39m [37m<-- GET /wd/hub/session/12797814-bf79-4100-a810-be1219d1958c/source [39m[32m200[39m [90m2008 ms - 25879[39m
[35m[HTTP][39m [90m[39m
[35m[HTTP][39m [37m-->[39m [37mGET[39m [37m/wd/hub/session/12797814-bf79-4100-a810-be1219d1958c/screenshot[39m
[35m[HTTP][39m [90m{}[39m
[35m[HTTP][39m [37m<-- GET /wd/hub/session/12797814-bf79-4100-a810-be1219d1958c/screenshot [39m[32m200[39m [90m913 ms - 749408[39m
[35m[HTTP][39m [90m[39m
[35m[HTTP][39m [37m-->[39m [37mPOST[39m [37m/wd/hub/session/12797814-bf79-4100-a810-be1219d1958c/elements[39m
[35m[HTTP][39m [90m{"using":"xpath","value":"//*[@class = 'android.widget.ImageView' and @resource-id = '' and (@text = '' or . = '')]"}[39m
[35m[HTTP][39m [37m<-- POST /wd/hub/session/12797814-bf79-4100-a810-be1219d1958c/elements [39m[32m200[39m [90m617 ms - 2187[39m
[35m[HTTP][39m [90m[39m
[35m[HTTP][39m [37m-->[39m [37mPOST[39m [37m/wd/hub/session/12797814-bf79-4100-a810-be1219d1958c/elements[39m
[35m[HTTP][39m [90m{"using":"-android uiautomator","value":"new UiSelector().className(\"android.widget.ImageView\").resourceId(\"\")"}[39m
[35m[HTTP][39m [37m<-- POST /wd/hub/session/12797814-bf79-4100-a810-be1219d1958c/elements [39m[32m200[39m [90m265 ms - 2187[39m
[35m[HTTP][39m [90m[39m
[35m[HTTP][39m [37m-->[39m [37mGET[39m [37m/wd/hub/session/12797814-bf79-4100-a810-be1219d1958c/window/rect[39m
[35m[HTTP][39m [90m{}[39m
[35m[HTTP][39m [37m<-- GET /wd/hub/session/12797814-bf79-4100-a810-be1219d1958c/window/rect [39m[32m200[39m [90m27 ms - 50[39m
[35m[HTTP][39m [90m[39m
[35m[HTTP][39m [37m-->[39m [37mPOST[39m [37m/wd/hub/session/12797814-bf79-4100-a810-be1219d1958c/elements[39m
[35m[HTTP][39m [90m{"using":"xpath","value":"//hierarchy/android.widget.FrameLayout[1]/android.widget.LinearLayout[1]/android.widget.FrameLayout[1]/android.widget.FrameLayout[1]/android.widget.FrameLayout[1]/android.view.View[1]/android.view.View[1]/android.view.View[1]/android.view.View[1]/android.view.View[1]/android.view.View[1]/android.view.View[1]/android.view.View[3]/android.view.View[1]/android.view.View[2]/android.widget.ImageView[1]"}[39m
[35m[HTTP][39m [37m<-- POST /wd/hub/session/12797814-bf79-4100-a810-be1219d1958c/elements [39m[32m200[39m [90m195 ms - 139[39m
[35m[HTTP][39m [90m[39m
[35m[HTTP][39m [37m-->[39m [37mGET[39m [37m/wd/hub/session/12797814-bf79-4100-a810-be1219d1958c/element/00000000-0000-00ef-0000-03a400000004/location[39m
[35m[HTTP][39m [90m{}[39m
[35m[W3C (12797814)][39m Driver proxy active, passing request on via HTTP proxy
[35m[WD Proxy][39m Replacing sessionId b209f887-ac63-49ac-ae40-df395a10e10e with 12797814-bf79-4100-a810-be1219d1958c
[35m[HTTP][39m [37m<-- GET /wd/hub/session/12797814-bf79-4100-a810-be1219d1958c/element/00000000-0000-00ef-0000-03a400000004/location [39m[32m200[39m [90m32 ms - 78[39m
[35m[HTTP][39m [90m[39m
[35m[HTTP][39m [37m-->[39m [37mPOST[39m [37m/wd/hub/session/12797814-bf79-4100-a810-be1219d1958c/touch/perform[39m
[35m[HTTP][39m [90m{"actions":[{"action":"tap","options":{"x":1,"y":1,"element":"00000000-0000-00ef-0000-03a400000004"}}]}[39m
[35m[UiAutomator2][39m calling get location: 00000000-0000-00ef-0000-03a400000004
[35m[HTTP][39m [37m<-- POST /wd/hub/session/12797814-bf79-4100-a810-be1219d1958c/touch/perform [39m[32m200[39m [90m2129 ms - 14[39m
[35m[HTTP][39m [90m[39m
[35m[HTTP][39m [37m-->[39m [37mGET[39m [37m/wd/hub/session/12797814-bf79-4100-a810-be1219d1958c/source[39m
[35m[HTTP][39m [90m{}[39m
[35m[W3C (12797814)][39m Driver proxy active, passing request on via HTTP proxy
[35m[WD Proxy][39m Replacing sessionId b209f887-ac63-49ac-ae40-df395a10e10e with 12797814-bf79-4100-a810-be1219d1958c
[35m[HTTP][39m [37m<-- GET /wd/hub/session/12797814-bf79-4100-a810-be1219d1958c/source [39m[32m200[39m [90m1102 ms - 25982[39m
[35m[HTTP][39m [90m[39m
[35m[HTTP][39m [37m-->[39m [37mGET[39m [37m/wd/hub/session/12797814-bf79-4100-a810-be1219d1958c/screenshot[39m
[35m[HTTP][39m [90m{}[39m
[35m[HTTP][39m [37m<-- GET /wd/hub/session/12797814-bf79-4100-a810-be1219d1958c/screenshot [39m[32m200[39m [90m1138 ms - 612822[39m
[35m[HTTP][39m [90m[39m
[35m[HTTP][39m [37m-->[39m [37mGET[39m [37m/wd/hub/session/12797814-bf79-4100-a810-be1219d1958c/context[39m
[35m[HTTP][39m [90m{}[39m
[35m[HTTP][39m [37m<-- GET /wd/hub/session/12797814-bf79-4100-a810-be1219d1958c/context [39m[32m200[39m [90m2 ms - 22[39m
[35m[HTTP][39m [90m[39m
[35m[HTTP][39m [37m-->[39m [37mGET[39m [37m/wd/hub/session/12797814-bf79-4100-a810-be1219d1958c/contexts[39m
[35m[HTTP][39m [90m{}[39m
[35m[HTTP][39m [37m<-- GET /wd/hub/session/12797814-bf79-4100-a810-be1219d1958c/contexts [39m[32m200[39m [90m93 ms - 24[39m
[35m[HTTP][39m [90m[39m
[35m[HTTP][39m [37m-->[39m [37mPOST[39m [37m/wd/hub/session/12797814-bf79-4100-a810-be1219d1958c/context[39m
[35m[HTTP][39m [90m{"name":"NATIVE_APP"}[39m
[35m[HTTP][39m [37m<-- POST /wd/hub/session/12797814-bf79-4100-a810-be1219d1958c/context [39m[32m200[39m [90m2 ms - 14[39m
[35m[HTTP][39m [90m[39m
[35m[HTTP][39m [37m-->[39m [37mPOST[39m [37m/wd/hub/session/12797814-bf79-4100-a810-be1219d1958c/appium/device/press_keycode[39m
[35m[HTTP][39m [90m{"keycode":4}[39m
[35m[HTTP][39m [37m<-- POST /wd/hub/session/12797814-bf79-4100-a810-be1219d1958c/appium/device/press_keycode [39m[32m200[39m [90m82 ms - 14[39m
[35m[HTTP][39m [90m[39m
[35m[HTTP][39m [37m-->[39m [37mPOST[39m [37m/wd/hub/session/12797814-bf79-4100-a810-be1219d1958c/context[39m
[35m[HTTP][39m [90m{"name":"NATIVE_APP"}[39m
[35m[HTTP][39m [37m<-- POST /wd/hub/session/12797814-bf79-4100-a810-be1219d1958c/context [39m[32m200[39m [90m2 ms - 14[39m
[35m[HTTP][39m [90m[39m
[35m[HTTP][39m [37m-->[39m [37mGET[39m [37m/wd/hub/session/12797814-bf79-4100-a810-be1219d1958c/source[39m
[35m[HTTP][39m [90m{}[39m
[35m[W3C (12797814)][39m Driver proxy active, passing request on via HTTP proxy
[35m[WD Proxy][39m Replacing sessionId b209f887-ac63-49ac-ae40-df395a10e10e with 12797814-bf79-4100-a810-be1219d1958c
[35m[HTTP][39m [37m<-- GET /wd/hub/session/12797814-bf79-4100-a810-be1219d1958c/source [39m[32m200[39m [90m314 ms - 25363[39m
[35m[HTTP][39m [90m[39m
[35m[HTTP][39m [37m-->[39m [37mGET[39m [37m/wd/hub/session/12797814-bf79-4100-a810-be1219d1958c/screenshot[39m
[35m[HTTP][39m [90m{}[39m
[35m[HTTP][39m [37m<-- GET /wd/hub/session/12797814-bf79-4100-a810-be1219d1958c/screenshot [39m[32m200[39m [90m1525 ms - 749318[39m
[35m[HTTP][39m [90m[39m
[35m[HTTP][39m [37m-->[39m [37mPOST[39m [37m/wd/hub/session/12797814-bf79-4100-a810-be1219d1958c/elements[39m
[35m[HTTP][39m [90m{"using":"xpath","value":"//*[@class = 'android.widget.ImageView' and @resource-id = '' and (@text = '' or . = '')]"}[39m
[35m[HTTP][39m [37m<-- POST /wd/hub/session/12797814-bf79-4100-a810-be1219d1958c/elements [39m[32m200[39m [90m249 ms - 2187[39m
[35m[HTTP][39m [90m[39m
[35m[HTTP][39m [37m-->[39m [37mPOST[39m [37m/wd/hub/session/12797814-bf79-4100-a810-be1219d1958c/elements[39m
[35m[HTTP][39m [90m{"using":"accessibility id","value":"题库\n第 3 个标签，共 5 个"}[39m
[35m[HTTP][39m [37m<-- POST /wd/hub/session/12797814-bf79-4100-a810-be1219d1958c/elements [39m[32m200[39m [90m51 ms - 139[39m
[35m[HTTP][39m [90m[39m
[35m[HTTP][39m [37m-->[39m [37mGET[39m [37m/wd/hub/session/12797814-bf79-4100-a810-be1219d1958c/window/rect[39m
[35m[HTTP][39m [90m{}[39m
[35m[HTTP][39m [37m<-- GET /wd/hub/session/12797814-bf79-4100-a810-be1219d1958c/window/rect [39m[32m200[39m [90m15 ms - 50[39m
[35m[HTTP][39m [90m[39m
[35m[HTTP][39m [37m-->[39m [37mPOST[39m [37m/wd/hub/session/12797814-bf79-4100-a810-be1219d1958c/elements[39m
[35m[HTTP][39m [90m{"using":"accessibility id","value":"题库\n第 3 个标签，共 5 个"}[39m
[35m[HTTP][39m [37m<-- POST /wd/hub/session/12797814-bf79-4100-a810-be1219d1958c/elements [39m[32m200[39m [90m62 ms - 139[39m
[35m[HTTP][39m [90m[39m
[35m[HTTP][39m [37m-->[39m [37mGET[39m [37m/wd/hub/session/12797814-bf79-4100-a810-be1219d1958c/element/00000000-0000-00ef-0000-003100000004/location[39m
[35m[HTTP][39m [90m{}[39m
[35m[W3C (12797814)][39m Driver proxy active, passing request on via HTTP proxy
[35m[WD Proxy][39m Replacing sessionId b209f887-ac63-49ac-ae40-df395a10e10e with 12797814-bf79-4100-a810-be1219d1958c
[35m[HTTP][39m [37m<-- GET /wd/hub/session/12797814-bf79-4100-a810-be1219d1958c/element/00000000-0000-00ef-0000-003100000004/location [39m[32m200[39m [90m31 ms - 79[39m
[35m[HTTP][39m [90m[39m
[35m[HTTP][39m [37m-->[39m [37mPOST[39m [37m/wd/hub/session/12797814-bf79-4100-a810-be1219d1958c/touch/perform[39m
[35m[HTTP][39m [90m{"actions":[{"action":"tap","options":{"x":1,"y":1,"element":"00000000-0000-00ef-0000-003100000004"}}]}[39m
[35m[UiAutomator2][39m calling get location: 00000000-0000-00ef-0000-003100000004
[35m[HTTP][39m [37m<-- POST /wd/hub/session/12797814-bf79-4100-a810-be1219d1958c/touch/perform [39m[32m200[39m [90m1434 ms - 14[39m
[35m[HTTP][39m [90m[39m
[35m[HTTP][39m [37m-->[39m [37mGET[39m [37m/wd/hub/session/12797814-bf79-4100-a810-be1219d1958c/source[39m
[35m[HTTP][39m [90m{}[39m
[35m[W3C (12797814)][39m Driver proxy active, passing request on via HTTP proxy
[35m[WD Proxy][39m Replacing sessionId b209f887-ac63-49ac-ae40-df395a10e10e with 12797814-bf79-4100-a810-be1219d1958c
[35m[HTTP][39m [37m<-- GET /wd/hub/session/12797814-bf79-4100-a810-be1219d1958c/source [39m[32m200[39m [90m794 ms - 22625[39m
[35m[HTTP][39m [90m[39m
[35m[HTTP][39m [37m-->[39m [37mGET[39m [37m/wd/hub/session/12797814-bf79-4100-a810-be1219d1958c/screenshot[39m
[35m[HTTP][39m [90m{}[39m
[35m[HTTP][39m [37m<-- GET /wd/hub/session/12797814-bf79-4100-a810-be1219d1958c/screenshot [39m[32m200[39m [90m632 ms - 214726[39m
[35m[HTTP][39m [90m[39m
[35m[HTTP][39m [37m-->[39m [37mPOST[39m [37m/wd/hub/session/12797814-bf79-4100-a810-be1219d1958c/elements[39m
[35m[HTTP][39m [90m{"using":"xpath","value":"//*[@class = 'android.view.View' and @resource-id = '' and (@text = '' or . = '')]"}[39m
[35m[HTTP][39m [37m<-- POST /wd/hub/session/12797814-bf79-4100-a810-be1219d1958c/elements [39m[32m200[39m [90m224 ms - 3595[39m
[35m[HTTP][39m [90m[39m
[35m[HTTP][39m [37m-->[39m [37mPOST[39m [37m/wd/hub/session/12797814-bf79-4100-a810-be1219d1958c/elements[39m
[35m[HTTP][39m [90m{"using":"accessibility id","value":"初级"}[39m
[35m[HTTP][39m [37m<-- POST /wd/hub/session/12797814-bf79-4100-a810-be1219d1958c/elements [39m[32m200[39m [90m37 ms - 139[39m
[35m[HTTP][39m [90m[39m
[35m[HTTP][39m [37m-->[39m [37mGET[39m [37m/wd/hub/session/12797814-bf79-4100-a810-be1219d1958c/window/rect[39m
[35m[HTTP][39m [90m{}[39m
[35m[HTTP][39m [37m<-- GET /wd/hub/session/12797814-bf79-4100-a810-be1219d1958c/window/rect [39m[32m200[39m [90m16 ms - 50[39m
[35m[HTTP][39m [90m[39m
[35m[HTTP][39m [37m-->[39m [37mPOST[39m [37m/wd/hub/session/12797814-bf79-4100-a810-be1219d1958c/elements[39m
[35m[HTTP][39m [90m{"using":"accessibility id","value":"初级"}[39m
[35m[HTTP][39m [37m<-- POST /wd/hub/session/12797814-bf79-4100-a810-be1219d1958c/elements [39m[32m200[39m [90m42 ms - 139[39m
[35m[HTTP][39m [90m[39m
[35m[HTTP][39m [37m-->[39m [37mGET[39m [37m/wd/hub/session/12797814-bf79-4100-a810-be1219d1958c/element/00000000-0000-00ef-0000-040000000004/location[39m
[35m[HTTP][39m [90m{}[39m
[35m[W3C (12797814)][39m Driver proxy active, passing request on via HTTP proxy
[35m[WD Proxy][39m Replacing sessionId b209f887-ac63-49ac-ae40-df395a10e10e with 12797814-bf79-4100-a810-be1219d1958c
[35m[HTTP][39m [37m<-- GET /wd/hub/session/12797814-bf79-4100-a810-be1219d1958c/element/00000000-0000-00ef-0000-040000000004/location [39m[32m200[39m [90m23 ms - 77[39m
[35m[HTTP][39m [90m[39m
[35m[HTTP][39m [37m-->[39m [37mPOST[39m [37m/wd/hub/session/12797814-bf79-4100-a810-be1219d1958c/touch/perform[39m
[35m[HTTP][39m [90m{"actions":[{"action":"tap","options":{"x":1,"y":1,"element":"00000000-0000-00ef-0000-040000000004"}}]}[39m
[35m[UiAutomator2][39m calling get location: 00000000-0000-00ef-0000-040000000004
[35m[HTTP][39m [37m<-- POST /wd/hub/session/12797814-bf79-4100-a810-be1219d1958c/touch/perform [39m[32m200[39m [90m1153 ms - 14[39m
[35m[HTTP][39m [90m[39m
[35m[HTTP][39m [37m-->[39m [37mGET[39m [37m/wd/hub/session/12797814-bf79-4100-a810-be1219d1958c/source[39m
[35m[HTTP][39m [90m{}[39m
[35m[W3C (12797814)][39m Driver proxy active, passing request on via HTTP proxy
[35m[WD Proxy][39m Replacing sessionId b209f887-ac63-49ac-ae40-df395a10e10e with 12797814-bf79-4100-a810-be1219d1958c
[35m[HTTP][39m [37m<-- GET /wd/hub/session/12797814-bf79-4100-a810-be1219d1958c/source [39m[32m200[39m [90m142 ms - 15054[39m
[35m[HTTP][39m [90m[39m
[35m[HTTP][39m [37m-->[39m [37mGET[39m [37m/wd/hub/session/12797814-bf79-4100-a810-be1219d1958c/screenshot[39m
[35m[HTTP][39m [90m{}[39m
[35m[HTTP][39m [37m<-- GET /wd/hub/session/12797814-bf79-4100-a810-be1219d1958c/screenshot [39m[32m200[39m [90m900 ms - 163748[39m
[35m[HTTP][39m [90m[39m
[35m[HTTP][39m [37m-->[39m [37mPOST[39m [37m/wd/hub/session/12797814-bf79-4100-a810-be1219d1958c/elements[39m
[35m[HTTP][39m [90m{"using":"xpath","value":"//*[@class = 'android.view.View' and @resource-id = '' and (@text = '' or . = '')]"}[39m
[35m[HTTP][39m [37m<-- POST /wd/hub/session/12797814-bf79-4100-a810-be1219d1958c/elements [39m[32m200[39m [90m206 ms - 2827[39m
[35m[HTTP][39m [90m[39m
[35m[HTTP][39m [37m-->[39m [37mPOST[39m [37m/wd/hub/session/12797814-bf79-4100-a810-be1219d1958c/elements[39m
[35m[HTTP][39m [90m{"using":"accessibility id","value":"AWS\n亚马逊云科技 "}[39m
[35m[HTTP][39m [37m<-- POST /wd/hub/session/12797814-bf79-4100-a810-be1219d1958c/elements [39m[32m200[39m [90m41 ms - 139[39m
[35m[HTTP][39m [90m[39m
[35m[HTTP][39m [37m-->[39m [37mGET[39m [37m/wd/hub/session/12797814-bf79-4100-a810-be1219d1958c/window/rect[39m
[35m[HTTP][39m [90m{}[39m
[35m[HTTP][39m [37m<-- GET /wd/hub/session/12797814-bf79-4100-a810-be1219d1958c/window/rect [39m[32m200[39m [90m17 ms - 50[39m
[35m[HTTP][39m [90m[39m
[35m[HTTP][39m [37m-->[39m [37mPOST[39m [37m/wd/hub/session/12797814-bf79-4100-a810-be1219d1958c/elements[39m
[35m[HTTP][39m [90m{"using":"accessibility id","value":"AWS\n亚马逊云科技 "}[39m
[35m[HTTP][39m [37m<-- POST /wd/hub/session/12797814-bf79-4100-a810-be1219d1958c/elements [39m[32m200[39m [90m33 ms - 139[39m
[35m[HTTP][39m [90m[39m
[35m[HTTP][39m [37m-->[39m [37mGET[39m [37m/wd/hub/session/12797814-bf79-4100-a810-be1219d1958c/element/00000000-0000-00ef-0000-03fd00000004/location[39m
[35m[HTTP][39m [90m{}[39m
[35m[W3C (12797814)][39m Driver proxy active, passing request on via HTTP proxy
[35m[WD Proxy][39m Replacing sessionId b209f887-ac63-49ac-ae40-df395a10e10e with 12797814-bf79-4100-a810-be1219d1958c
[35m[HTTP][39m [37m<-- GET /wd/hub/session/12797814-bf79-4100-a810-be1219d1958c/element/00000000-0000-00ef-0000-03fd00000004/location [39m[32m200[39m [90m25 ms - 78[39m
[35m[HTTP][39m [90m[39m
[35m[HTTP][39m [37m-->[39m [37mPOST[39m [37m/wd/hub/session/12797814-bf79-4100-a810-be1219d1958c/touch/perform[39m
[35m[HTTP][39m [90m{"actions":[{"action":"tap","options":{"x":1,"y":1,"element":"00000000-0000-00ef-0000-03fd00000004"}}]}[39m
[35m[UiAutomator2][39m calling get location: 00000000-0000-00ef-0000-03fd00000004
[35m[HTTP][39m [37m<-- POST /wd/hub/session/12797814-bf79-4100-a810-be1219d1958c/touch/perform [39m[32m200[39m [90m182 ms - 14[39m
[35m[HTTP][39m [90m[39m
[35m[HTTP][39m [37m-->[39m [37mGET[39m [37m/wd/hub/session/12797814-bf79-4100-a810-be1219d1958c/source[39m
[35m[HTTP][39m [90m{}[39m
[35m[W3C (12797814)][39m Driver proxy active, passing request on via HTTP proxy
[35m[WD Proxy][39m Replacing sessionId b209f887-ac63-49ac-ae40-df395a10e10e with 12797814-bf79-4100-a810-be1219d1958c
[35m[HTTP][39m [37m<-- GET /wd/hub/session/12797814-bf79-4100-a810-be1219d1958c/source [39m[32m200[39m [90m133 ms - 15054[39m
[35m[HTTP][39m [90m[39m
[35m[HTTP][39m [37m-->[39m [37mGET[39m [37m/wd/hub/session/12797814-bf79-4100-a810-be1219d1958c/screenshot[39m
[35m[HTTP][39m [90m{}[39m
[35m[HTTP][39m [37m<-- GET /wd/hub/session/12797814-bf79-4100-a810-be1219d1958c/screenshot [39m[32m200[39m [90m577 ms - 163764[39m
[35m[HTTP][39m [90m[39m
[35m[HTTP][39m [37m-->[39m [37mPOST[39m [37m/wd/hub/session/12797814-bf79-4100-a810-be1219d1958c/elements[39m
[35m[HTTP][39m [90m{"using":"xpath","value":"//*[@class = 'android.view.View' and @resource-id = '' and (@text = '' or . = '')]"}[39m
[35m[HTTP][39m [37m<-- POST /wd/hub/session/12797814-bf79-4100-a810-be1219d1958c/elements [39m[32m200[39m [90m131 ms - 2827[39m
[35m[HTTP][39m [90m[39m
[35m[HTTP][39m [37m-->[39m [37mPOST[39m [37m/wd/hub/session/12797814-bf79-4100-a810-be1219d1958c/elements[39m
[35m[HTTP][39m [90m{"using":"accessibility id","value":"Android\n安卓系统 "}[39m
[35m[HTTP][39m [37m<-- POST /wd/hub/session/12797814-bf79-4100-a810-be1219d1958c/elements [39m[32m200[39m [90m23 ms - 139[39m
[35m[HTTP][39m [90m[39m
[35m[HTTP][39m [37m-->[39m [37mGET[39m [37m/wd/hub/session/12797814-bf79-4100-a810-be1219d1958c/window/rect[39m
[35m[HTTP][39m [90m{}[39m
[35m[HTTP][39m [37m<-- GET /wd/hub/session/12797814-bf79-4100-a810-be1219d1958c/window/rect [39m[32m200[39m [90m11 ms - 50[39m
[35m[HTTP][39m [90m[39m
[35m[HTTP][39m [37m-->[39m [37mPOST[39m [37m/wd/hub/session/12797814-bf79-4100-a810-be1219d1958c/elements[39m
[35m[HTTP][39m [90m{"using":"accessibility id","value":"Android\n安卓系统 "}[39m
[35m[HTTP][39m [37m<-- POST /wd/hub/session/12797814-bf79-4100-a810-be1219d1958c/elements [39m[32m200[39m [90m26 ms - 139[39m
[35m[HTTP][39m [90m[39m
[35m[HTTP][39m [37m-->[39m [37mGET[39m [37m/wd/hub/session/12797814-bf79-4100-a810-be1219d1958c/element/00000000-0000-00ef-0000-03fe00000004/location[39m
[35m[HTTP][39m [90m{}[39m
[35m[W3C (12797814)][39m Driver proxy active, passing request on via HTTP proxy
[35m[WD Proxy][39m Replacing sessionId b209f887-ac63-49ac-ae40-df395a10e10e with 12797814-bf79-4100-a810-be1219d1958c
[35m[HTTP][39m [37m<-- GET /wd/hub/session/12797814-bf79-4100-a810-be1219d1958c/element/00000000-0000-00ef-0000-03fe00000004/location [39m[32m200[39m [90m21 ms - 78[39m
[35m[HTTP][39m [90m[39m
[35m[HTTP][39m [37m-->[39m [37mPOST[39m [37m/wd/hub/session/12797814-bf79-4100-a810-be1219d1958c/touch/perform[39m
[35m[HTTP][39m [90m{"actions":[{"action":"tap","options":{"x":1,"y":1,"element":"00000000-0000-00ef-0000-03fe00000004"}}]}[39m
[35m[UiAutomator2][39m calling get location: 00000000-0000-00ef-0000-03fe00000004
[35m[HTTP][39m [37m<-- POST /wd/hub/session/12797814-bf79-4100-a810-be1219d1958c/touch/perform [39m[32m200[39m [90m190 ms - 14[39m
[35m[HTTP][39m [90m[39m
[35m[HTTP][39m [37m-->[39m [37mGET[39m [37m/wd/hub/session/12797814-bf79-4100-a810-be1219d1958c/source[39m
[35m[HTTP][39m [90m{}[39m
[35m[W3C (12797814)][39m Driver proxy active, passing request on via HTTP proxy
[35m[WD Proxy][39m Replacing sessionId b209f887-ac63-49ac-ae40-df395a10e10e with 12797814-bf79-4100-a810-be1219d1958c
[35m[HTTP][39m [37m<-- GET /wd/hub/session/12797814-bf79-4100-a810-be1219d1958c/source [39m[32m200[39m [90m718 ms - 15054[39m
[35m[HTTP][39m [90m[39m
[35m[HTTP][39m [37m-->[39m [37mGET[39m [37m/wd/hub/session/12797814-bf79-4100-a810-be1219d1958c/screenshot[39m
[35m[HTTP][39m [90m{}[39m
[35m[HTTP][39m [37m<-- GET /wd/hub/session/12797814-bf79-4100-a810-be1219d1958c/screenshot [39m[32m200[39m [90m598 ms - 164318[39m
[35m[HTTP][39m [90m[39m
[35m[HTTP][39m [37m-->[39m [37mPOST[39m [37m/wd/hub/session/12797814-bf79-4100-a810-be1219d1958c/elements[39m
[35m[HTTP][39m [90m{"using":"xpath","value":"//*[@class = 'android.view.View' and @resource-id = '' and (@text = '' or . = '')]"}[39m
[35m[HTTP][39m [37m<-- POST /wd/hub/session/12797814-bf79-4100-a810-be1219d1958c/elements [39m[32m200[39m [90m195 ms - 2827[39m
[35m[HTTP][39m [90m[39m
[35m[HTTP][39m [37m-->[39m [37mPOST[39m [37m/wd/hub/session/12797814-bf79-4100-a810-be1219d1958c/elements[39m
[35m[HTTP][39m [90m{"using":"accessibility id","value":"高级"}[39m
[35m[HTTP][39m [37m<-- POST /wd/hub/session/12797814-bf79-4100-a810-be1219d1958c/elements [39m[32m200[39m [90m503 ms - 139[39m
[35m[HTTP][39m [90m[39m
[35m[HTTP][39m [37m-->[39m [37mGET[39m [37m/wd/hub/session/12797814-bf79-4100-a810-be1219d1958c/window/rect[39m
[35m[HTTP][39m [90m{}[39m
[35m[HTTP][39m [37m<-- GET /wd/hub/session/12797814-bf79-4100-a810-be1219d1958c/window/rect [39m[32m200[39m [90m20 ms - 50[39m
[35m[HTTP][39m [90m[39m
[35m[HTTP][39m [37m-->[39m [37mPOST[39m [37m/wd/hub/session/12797814-bf79-4100-a810-be1219d1958c/elements[39m
[35m[HTTP][39m [90m{"using":"accessibility id","value":"高级"}[39m
[35m[HTTP][39m [37m<-- POST /wd/hub/session/12797814-bf79-4100-a810-be1219d1958c/elements [39m[32m200[39m [90m48 ms - 139[39m
[35m[HTTP][39m [90m[39m
[35m[HTTP][39m [37m-->[39m [37mGET[39m [37m/wd/hub/session/12797814-bf79-4100-a810-be1219d1958c/element/00000000-0000-00ef-0000-040200000004/location[39m
[35m[HTTP][39m [90m{}[39m
[35m[W3C (12797814)][39m Driver proxy active, passing request on via HTTP proxy
[35m[WD Proxy][39m Replacing sessionId b209f887-ac63-49ac-ae40-df395a10e10e with 12797814-bf79-4100-a810-be1219d1958c
[35m[HTTP][39m [37m<-- GET /wd/hub/session/12797814-bf79-4100-a810-be1219d1958c/element/00000000-0000-00ef-0000-040200000004/location [39m[32m200[39m [90m31 ms - 78[39m
[35m[HTTP][39m [90m[39m
[35m[HTTP][39m [37m-->[39m [37mPOST[39m [37m/wd/hub/session/12797814-bf79-4100-a810-be1219d1958c/touch/perform[39m
[35m[HTTP][39m [90m{"actions":[{"action":"tap","options":{"x":1,"y":1,"element":"00000000-0000-00ef-0000-040200000004"}}]}[39m
[35m[UiAutomator2][39m calling get location: 00000000-0000-00ef-0000-040200000004
[35m[HTTP][39m [37m<-- POST /wd/hub/session/12797814-bf79-4100-a810-be1219d1958c/touch/perform [39m[32m200[39m [90m1106 ms - 14[39m
[35m[HTTP][39m [90m[39m
[35m[HTTP][39m [37m-->[39m [37mGET[39m [37m/wd/hub/session/12797814-bf79-4100-a810-be1219d1958c/source[39m
[35m[HTTP][39m [90m{}[39m
[35m[W3C (12797814)][39m Driver proxy active, passing request on via HTTP proxy
[35m[WD Proxy][39m Replacing sessionId b209f887-ac63-49ac-ae40-df395a10e10e with 12797814-bf79-4100-a810-be1219d1958c
[35m[HTTP][39m [37m<-- GET /wd/hub/session/12797814-bf79-4100-a810-be1219d1958c/source [39m[32m200[39m [90m323 ms - 22193[39m
[35m[HTTP][39m [90m[39m
[35m[HTTP][39m [37m-->[39m [37mGET[39m [37m/wd/hub/session/12797814-bf79-4100-a810-be1219d1958c/screenshot[39m
[35m[HTTP][39m [90m{}[39m
[35m[HTTP][39m [37m<-- GET /wd/hub/session/12797814-bf79-4100-a810-be1219d1958c/screenshot [39m[32m200[39m [90m606 ms - 212686[39m
[35m[HTTP][39m [90m[39m
[35m[HTTP][39m [37m-->[39m [37mPOST[39m [37m/wd/hub/session/12797814-bf79-4100-a810-be1219d1958c/elements[39m
[35m[HTTP][39m [90m{"using":"xpath","value":"//*[@class = 'android.view.View' and @resource-id = '' and (@text = '' or . = '')]"}[39m
[35m[HTTP][39m [37m<-- POST /wd/hub/session/12797814-bf79-4100-a810-be1219d1958c/elements [39m[32m200[39m [90m125 ms - 3467[39m
[35m[HTTP][39m [90m[39m
[35m[HTTP][39m [37m-->[39m [37mPOST[39m [37m/wd/hub/session/12797814-bf79-4100-a810-be1219d1958c/elements[39m
[35m[HTTP][39m [90m{"using":"accessibility id","value":"Android\n安卓系统 "}[39m
[35m[HTTP][39m [37m<-- POST /wd/hub/session/12797814-bf79-4100-a810-be1219d1958c/elements [39m[32m200[39m [90m33 ms - 139[39m
[35m[HTTP][39m [90m[39m
[35m[HTTP][39m [37m-->[39m [37mGET[39m [37m/wd/hub/session/12797814-bf79-4100-a810-be1219d1958c/window/rect[39m
[35m[HTTP][39m [90m{}[39m
[35m[HTTP][39m [37m<-- GET /wd/hub/session/12797814-bf79-4100-a810-be1219d1958c/window/rect [39m[32m200[39m [90m10 ms - 50[39m
[35m[HTTP][39m [90m[39m
[35m[HTTP][39m [37m-->[39m [37mPOST[39m [37m/wd/hub/session/12797814-bf79-4100-a810-be1219d1958c/elements[39m
[35m[HTTP][39m [90m{"using":"accessibility id","value":"Android\n安卓系统 "}[39m
[35m[HTTP][39m [37m<-- POST /wd/hub/session/12797814-bf79-4100-a810-be1219d1958c/elements [39m[32m200[39m [90m29 ms - 139[39m
[35m[HTTP][39m [90m[39m
[35m[HTTP][39m [37m-->[39m [37mGET[39m [37m/wd/hub/session/12797814-bf79-4100-a810-be1219d1958c/element/00000000-0000-00ef-0000-03fe00000004/location[39m
[35m[HTTP][39m [90m{}[39m
[35m[W3C (12797814)][39m Driver proxy active, passing request on via HTTP proxy
[35m[WD Proxy][39m Replacing sessionId b209f887-ac63-49ac-ae40-df395a10e10e with 12797814-bf79-4100-a810-be1219d1958c
[35m[HTTP][39m [37m<-- GET /wd/hub/session/12797814-bf79-4100-a810-be1219d1958c/element/00000000-0000-00ef-0000-03fe00000004/location [39m[32m200[39m [90m29 ms - 78[39m
[35m[HTTP][39m [90m[39m
[35m[HTTP][39m [37m-->[39m [37mPOST[39m [37m/wd/hub/session/12797814-bf79-4100-a810-be1219d1958c/touch/perform[39m
[35m[HTTP][39m [90m{"actions":[{"action":"tap","options":{"x":1,"y":1,"element":"00000000-0000-00ef-0000-03fe00000004"}}]}[39m
[35m[UiAutomator2][39m calling get location: 00000000-0000-00ef-0000-03fe00000004
[35m[HTTP][39m [37m<-- POST /wd/hub/session/12797814-bf79-4100-a810-be1219d1958c/touch/perform [39m[32m200[39m [90m173 ms - 14[39m
[35m[HTTP][39m [90m[39m
[35m[HTTP][39m [37m-->[39m [37mGET[39m [37m/wd/hub/session/12797814-bf79-4100-a810-be1219d1958c/source[39m
[35m[HTTP][39m [90m{}[39m
[35m[W3C (12797814)][39m Driver proxy active, passing request on via HTTP proxy
[35m[WD Proxy][39m Replacing sessionId b209f887-ac63-49ac-ae40-df395a10e10e with 12797814-bf79-4100-a810-be1219d1958c
[35m[HTTP][39m [37m<-- GET /wd/hub/session/12797814-bf79-4100-a810-be1219d1958c/source [39m[32m200[39m [90m174 ms - 22193[39m
[35m[HTTP][39m [90m[39m
[35m[HTTP][39m [37m-->[39m [37mGET[39m [37m/wd/hub/session/12797814-bf79-4100-a810-be1219d1958c/screenshot[39m
[35m[HTTP][39m [90m{}[39m
[35m[HTTP][39m [37m<-- GET /wd/hub/session/12797814-bf79-4100-a810-be1219d1958c/screenshot [39m[32m200[39m [90m430 ms - 212226[39m
[35m[HTTP][39m [90m[39m
[35m[HTTP][39m [37m-->[39m [37mPOST[39m [37m/wd/hub/session/12797814-bf79-4100-a810-be1219d1958c/elements[39m
[35m[HTTP][39m [90m{"using":"xpath","value":"//*[@class = 'android.view.View' and @resource-id = '' and (@text = '' or . = '')]"}[39m
[35m[HTTP][39m [37m<-- POST /wd/hub/session/12797814-bf79-4100-a810-be1219d1958c/elements [39m[32m200[39m [90m552 ms - 3467[39m
[35m[HTTP][39m [90m[39m
[35m[HTTP][39m [37m-->[39m [37mPOST[39m [37m/wd/hub/session/12797814-bf79-4100-a810-be1219d1958c/elements[39m
[35m[HTTP][39m [90m{"using":"accessibility id","value":"SALESFORCE管理者题库\nsalesforce管理者认证最新题库合集\n0\n200\n码币"}[39m
[35m[HTTP][39m [37m<-- POST /wd/hub/session/12797814-bf79-4100-a810-be1219d1958c/elements [39m[32m200[39m [90m44 ms - 139[39m
[35m[HTTP][39m [90m[39m
[35m[HTTP][39m [37m-->[39m [37mGET[39m [37m/wd/hub/session/12797814-bf79-4100-a810-be1219d1958c/window/rect[39m
[35m[HTTP][39m [90m{}[39m
[35m[HTTP][39m [37m<-- GET /wd/hub/session/12797814-bf79-4100-a810-be1219d1958c/window/rect [39m[32m200[39m [90m15 ms - 50[39m
[35m[HTTP][39m [90m[39m
[35m[HTTP][39m [37m-->[39m [37mPOST[39m [37m/wd/hub/session/12797814-bf79-4100-a810-be1219d1958c/elements[39m
[35m[HTTP][39m [90m{"using":"accessibility id","value":"SALESFORCE管理者题库\nsalesforce管理者认证最新题库合集\n0\n200\n码币"}[39m
[35m[HTTP][39m [37m<-- POST /wd/hub/session/12797814-bf79-4100-a810-be1219d1958c/elements [39m[32m200[39m [90m48 ms - 139[39m
[35m[HTTP][39m [90m[39m
[35m[HTTP][39m [37m-->[39m [37mGET[39m [37m/wd/hub/session/12797814-bf79-4100-a810-be1219d1958c/element/00000000-0000-00ef-0000-042400000004/location[39m
[35m[HTTP][39m [90m{}[39m
[35m[W3C (12797814)][39m Driver proxy active, passing request on via HTTP proxy
[35m[WD Proxy][39m Replacing sessionId b209f887-ac63-49ac-ae40-df395a10e10e with 12797814-bf79-4100-a810-be1219d1958c
[35m[HTTP][39m [37m<-- GET /wd/hub/session/12797814-bf79-4100-a810-be1219d1958c/element/00000000-0000-00ef-0000-042400000004/location [39m[32m200[39m [90m27 ms - 77[39m
[35m[HTTP][39m [90m[39m
[35m[HTTP][39m [37m-->[39m [37mPOST[39m [37m/wd/hub/session/12797814-bf79-4100-a810-be1219d1958c/touch/perform[39m
[35m[HTTP][39m [90m{"actions":[{"action":"tap","options":{"x":1,"y":1,"element":"00000000-0000-00ef-0000-042400000004"}}]}[39m
[35m[UiAutomator2][39m calling get location: 00000000-0000-00ef-0000-042400000004
[35m[HTTP][39m [37m<-- POST /wd/hub/session/12797814-bf79-4100-a810-be1219d1958c/touch/perform [39m[32m200[39m [90m1362 ms - 14[39m
[35m[HTTP][39m [90m[39m
[35m[HTTP][39m [37m-->[39m [37mGET[39m [37m/wd/hub/session/12797814-bf79-4100-a810-be1219d1958c/source[39m
[35m[HTTP][39m [90m{}[39m
[35m[W3C (12797814)][39m Driver proxy active, passing request on via HTTP proxy
[35m[WD Proxy][39m Replacing sessionId b209f887-ac63-49ac-ae40-df395a10e10e with 12797814-bf79-4100-a810-be1219d1958c
[35m[HTTP][39m [37m<-- GET /wd/hub/session/12797814-bf79-4100-a810-be1219d1958c/source [39m[32m200[39m [90m359 ms - 17145[39m
[35m[HTTP][39m [90m[39m
[35m[HTTP][39m [37m-->[39m [37mGET[39m [37m/wd/hub/session/12797814-bf79-4100-a810-be1219d1958c/screenshot[39m
[35m[HTTP][39m [90m{}[39m
[35m[HTTP][39m [37m<-- GET /wd/hub/session/12797814-bf79-4100-a810-be1219d1958c/screenshot [39m[32m200[39m [90m1043 ms - 381244[39m
[35m[HTTP][39m [90m[39m
[35m[HTTP][39m [37m-->[39m [37mGET[39m [37m/wd/hub/session/12797814-bf79-4100-a810-be1219d1958c/context[39m
[35m[HTTP][39m [90m{}[39m
[35m[HTTP][39m [37m<-- GET /wd/hub/session/12797814-bf79-4100-a810-be1219d1958c/context [39m[32m200[39m [90m1 ms - 22[39m
[35m[HTTP][39m [90m[39m
[35m[HTTP][39m [37m-->[39m [37mGET[39m [37m/wd/hub/session/12797814-bf79-4100-a810-be1219d1958c/contexts[39m
[35m[HTTP][39m [90m{}[39m
[35m[HTTP][39m [37m<-- GET /wd/hub/session/12797814-bf79-4100-a810-be1219d1958c/contexts [39m[32m200[39m [90m112 ms - 24[39m
[35m[HTTP][39m [90m[39m
[35m[HTTP][39m [37m-->[39m [37mPOST[39m [37m/wd/hub/session/12797814-bf79-4100-a810-be1219d1958c/context[39m
[35m[HTTP][39m [90m{"name":"NATIVE_APP"}[39m
[35m[HTTP][39m [37m<-- POST /wd/hub/session/12797814-bf79-4100-a810-be1219d1958c/context [39m[32m200[39m [90m2 ms - 14[39m
[35m[HTTP][39m [90m[39m
[35m[HTTP][39m [37m-->[39m [37mPOST[39m [37m/wd/hub/session/12797814-bf79-4100-a810-be1219d1958c/appium/device/press_keycode[39m
[35m[HTTP][39m [90m{"keycode":4}[39m
[35m[HTTP][39m [37m<-- POST /wd/hub/session/12797814-bf79-4100-a810-be1219d1958c/appium/device/press_keycode [39m[32m200[39m [90m66 ms - 14[39m
[35m[HTTP][39m [90m[39m
[35m[HTTP][39m [37m-->[39m [37mPOST[39m [37m/wd/hub/session/12797814-bf79-4100-a810-be1219d1958c/context[39m
[35m[HTTP][39m [90m{"name":"NATIVE_APP"}[39m
[35m[HTTP][39m [37m<-- POST /wd/hub/session/12797814-bf79-4100-a810-be1219d1958c/context [39m[32m200[39m [90m2 ms - 14[39m
[35m[HTTP][39m [90m[39m
[35m[HTTP][39m [37m-->[39m [37mGET[39m [37m/wd/hub/session/12797814-bf79-4100-a810-be1219d1958c/source[39m
[35m[HTTP][39m [90m{}[39m
[35m[W3C (12797814)][39m Driver proxy active, passing request on via HTTP proxy
[35m[WD Proxy][39m Replacing sessionId b209f887-ac63-49ac-ae40-df395a10e10e with 12797814-bf79-4100-a810-be1219d1958c
[35m[HTTP][39m [37m<-- GET /wd/hub/session/12797814-bf79-4100-a810-be1219d1958c/source [39m[32m200[39m [90m263 ms - 22193[39m
[35m[HTTP][39m [90m[39m
[35m[HTTP][39m [37m-->[39m [37mGET[39m [37m/wd/hub/session/12797814-bf79-4100-a810-be1219d1958c/screenshot[39m
[35m[HTTP][39m [90m{}[39m
[35m[HTTP][39m [37m<-- GET /wd/hub/session/12797814-bf79-4100-a810-be1219d1958c/screenshot [39m[32m200[39m [90m705 ms - 211586[39m
[35m[HTTP][39m [90m[39m
[35m[HTTP][39m [37m-->[39m [37mGET[39m [37m/wd/hub/session/12797814-bf79-4100-a810-be1219d1958c/context[39m
[35m[HTTP][39m [90m{}[39m
[35m[HTTP][39m [37m<-- GET /wd/hub/session/12797814-bf79-4100-a810-be1219d1958c/context [39m[32m200[39m [90m2 ms - 22[39m
[35m[HTTP][39m [90m[39m
[35m[HTTP][39m [37m-->[39m [37mGET[39m [37m/wd/hub/session/12797814-bf79-4100-a810-be1219d1958c/contexts[39m
[35m[HTTP][39m [90m{}[39m
[35m[HTTP][39m [37m<-- GET /wd/hub/session/12797814-bf79-4100-a810-be1219d1958c/contexts [39m[32m200[39m [90m88 ms - 24[39m
[35m[HTTP][39m [90m[39m
[35m[HTTP][39m [37m-->[39m [37mPOST[39m [37m/wd/hub/session/12797814-bf79-4100-a810-be1219d1958c/context[39m
[35m[HTTP][39m [90m{"name":"NATIVE_APP"}[39m
[35m[HTTP][39m [37m<-- POST /wd/hub/session/12797814-bf79-4100-a810-be1219d1958c/context [39m[32m200[39m [90m2 ms - 14[39m
[35m[HTTP][39m [90m[39m
[35m[HTTP][39m [37m-->[39m [37mPOST[39m [37m/wd/hub/session/12797814-bf79-4100-a810-be1219d1958c/appium/device/press_keycode[39m
[35m[HTTP][39m [90m{"keycode":4}[39m
[35m[HTTP][39m [37m<-- POST /wd/hub/session/12797814-bf79-4100-a810-be1219d1958c/appium/device/press_keycode [39m[32m200[39m [90m80 ms - 14[39m
[35m[HTTP][39m [90m[39m
[35m[HTTP][39m [37m-->[39m [37mPOST[39m [37m/wd/hub/session/12797814-bf79-4100-a810-be1219d1958c/context[39m
[35m[HTTP][39m [90m{"name":"NATIVE_APP"}[39m
[35m[HTTP][39m [37m<-- POST /wd/hub/session/12797814-bf79-4100-a810-be1219d1958c/context [39m[32m200[39m [90m2 ms - 14[39m
[35m[HTTP][39m [90m[39m
[35m[HTTP][39m [37m-->[39m [37mGET[39m [37m/wd/hub/session/12797814-bf79-4100-a810-be1219d1958c/source[39m
[35m[HTTP][39m [90m{}[39m
[35m[W3C (12797814)][39m Driver proxy active, passing request on via HTTP proxy
[35m[WD Proxy][39m Replacing sessionId b209f887-ac63-49ac-ae40-df395a10e10e with 12797814-bf79-4100-a810-be1219d1958c
[35m[HTTP][39m [37m<-- GET /wd/hub/session/12797814-bf79-4100-a810-be1219d1958c/source [39m[32m200[39m [90m519 ms - 34103[39m
[35m[HTTP][39m [90m[39m
[35m[HTTP][39m [37m-->[39m [37mGET[39m [37m/wd/hub/session/12797814-bf79-4100-a810-be1219d1958c/screenshot[39m
[35m[HTTP][39m [90m{}[39m
[35m[HTTP][39m [37m<-- GET /wd/hub/session/12797814-bf79-4100-a810-be1219d1958c/screenshot [39m[32m200[39m [90m560 ms - 223652[39m
[35m[HTTP][39m [90m[39m
[35m[HTTP][39m [37m-->[39m [37mGET[39m [37m/wd/hub/session/12797814-bf79-4100-a810-be1219d1958c/context[39m
[35m[HTTP][39m [90m{}[39m
[35m[HTTP][39m [37m<-- GET /wd/hub/session/12797814-bf79-4100-a810-be1219d1958c/context [39m[32m200[39m [90m11 ms - 22[39m
[35m[HTTP][39m [90m[39m
[35m[HTTP][39m [37m-->[39m [37mGET[39m [37m/wd/hub/session/12797814-bf79-4100-a810-be1219d1958c/contexts[39m
[35m[HTTP][39m [90m{}[39m
[35m[HTTP][39m [37m<-- GET /wd/hub/session/12797814-bf79-4100-a810-be1219d1958c/contexts [39m[32m200[39m [90m117 ms - 24[39m
[35m[HTTP][39m [90m[39m
[35m[HTTP][39m [37m-->[39m [37mPOST[39m [37m/wd/hub/session/12797814-bf79-4100-a810-be1219d1958c/context[39m
[35m[HTTP][39m [90m{"name":"NATIVE_APP"}[39m
[35m[HTTP][39m [37m<-- POST /wd/hub/session/12797814-bf79-4100-a810-be1219d1958c/context [39m[32m200[39m [90m2 ms - 14[39m
[35m[HTTP][39m [90m[39m
[35m[HTTP][39m [37m-->[39m [37mPOST[39m [37m/wd/hub/session/12797814-bf79-4100-a810-be1219d1958c/appium/device/press_keycode[39m
[35m[HTTP][39m [90m{"keycode":4}[39m
[35m[HTTP][39m [37m<-- POST /wd/hub/session/12797814-bf79-4100-a810-be1219d1958c/appium/device/press_keycode [39m[32m200[39m [90m141 ms - 14[39m
[35m[HTTP][39m [90m[39m
[35m[HTTP][39m [37m-->[39m [37mPOST[39m [37m/wd/hub/session/12797814-bf79-4100-a810-be1219d1958c/context[39m
[35m[HTTP][39m [90m{"name":"NATIVE_APP"}[39m
[35m[HTTP][39m [37m<-- POST /wd/hub/session/12797814-bf79-4100-a810-be1219d1958c/context [39m[32m200[39m [90m2 ms - 14[39m
[35m[HTTP][39m [90m[39m
[35m[HTTP][39m [37m-->[39m [37mGET[39m [37m/wd/hub/session/12797814-bf79-4100-a810-be1219d1958c/source[39m
[35m[HTTP][39m [90m{}[39m
[35m[W3C (12797814)][39m Driver proxy active, passing request on via HTTP proxy
[35m[WD Proxy][39m Replacing sessionId b209f887-ac63-49ac-ae40-df395a10e10e with 12797814-bf79-4100-a810-be1219d1958c
[35m[HTTP][39m [37m<-- GET /wd/hub/session/12797814-bf79-4100-a810-be1219d1958c/source [39m[32m200[39m [90m271 ms - 23316[39m
[35m[HTTP][39m [90m[39m
[35m[HTTP][39m [37m-->[39m [37mGET[39m [37m/wd/hub/session/12797814-bf79-4100-a810-be1219d1958c/screenshot[39m
[35m[HTTP][39m [90m{}[39m
[35m[HTTP][39m [37m<-- GET /wd/hub/session/12797814-bf79-4100-a810-be1219d1958c/screenshot [39m[32m200[39m [90m670 ms - 21336[39m
[35m[HTTP][39m [90m[39m
[35m[HTTP][39m [37m-->[39m [37mDELETE[39m [37m/wd/hub/session/12797814-bf79-4100-a810-be1219d1958c[39m
[35m[HTTP][39m [90m{}[39m
[35m[Appium][39m Removing session 12797814-bf79-4100-a810-be1219d1958c from our master session list
[35m[UiAutomator2][39m Restoring hidden api policy to the device default configuration
[35m[HTTP][39m [37m<-- DELETE /wd/hub/session/12797814-bf79-4100-a810-be1219d1958c [39m[32m200[39m [90m418 ms - 14[39m
[35m[HTTP][39m [90m[39m
